2024.02.14 11:50:41 INFO  Started: Metals version 1.2.1 in folders '/home/btchinianga/linux_workspace/Formation_scala/todo' for client Visual Studio Code 1.86.1.[0m
11:50:41.908 [pool-1-thread-5] INFO org.flywaydb.core.internal.license.VersionPrinter -- Flyway Community Edition 9.22.3 by Redgate
11:50:41.910 [pool-1-thread-5] INFO org.flywaydb.core.internal.license.VersionPrinter -- See release notes here: https://rd.gt/416ObMi
11:50:41.910 [pool-1-thread-5] INFO org.flywaydb.core.internal.license.VersionPrinter -- 
11:50:41.913 [pool-1-thread-5] DEBUG org.flywaydb.core.internal.scanner.classpath.ClassPathScanner -- Scanning for classpath resources at 'classpath:db/callback' ...
11:50:41.913 [pool-1-thread-5] DEBUG org.flywaydb.core.internal.scanner.classpath.ClassPathScanner -- Determining location urls for classpath:db/callback using ClassLoader jdk.internal.loader.ClassLoaders$AppClassLoader@5cb0d902 ...
11:50:41.913 [pool-1-thread-5] DEBUG org.flywaydb.core.internal.scanner.classpath.ClassPathScanner -- Unable to resolve location classpath:db/callback.
11:50:41.913 [pool-1-thread-5] DEBUG org.flywaydb.core.internal.scanner.classpath.ClassPathScanner -- Scanning for classpath resources at 'classpath:db/migration' ...
11:50:41.913 [pool-1-thread-5] DEBUG org.flywaydb.core.internal.scanner.classpath.ClassPathScanner -- Determining location urls for classpath:db/migration using ClassLoader jdk.internal.loader.ClassLoaders$AppClassLoader@5cb0d902 ...
11:50:41.914 [pool-1-thread-5] DEBUG org.flywaydb.core.internal.scanner.classpath.ClassPathScanner -- Scanning URL: jar:file:/home/btchinianga/.cache/coursier/v1/https/repo1.maven.org/maven2/org/scalameta/metals_2.13/1.2.1/metals_2.13-1.2.1.jar!/db/migration
11:50:41.916 [pool-1-thread-5] DEBUG org.flywaydb.core.internal.scanner.classpath.ClassPathScanner -- Found resource: db/migration/
11:50:41.917 [pool-1-thread-5] DEBUG org.flywaydb.core.internal.scanner.classpath.ClassPathScanner -- Found resource: db/migration/V1__Create_tables.sql
11:50:41.917 [pool-1-thread-5] DEBUG org.flywaydb.core.internal.scanner.classpath.ClassPathScanner -- Found resource: db/migration/V2__Server_discovery.sql
11:50:41.917 [pool-1-thread-5] DEBUG org.flywaydb.core.internal.scanner.classpath.ClassPathScanner -- Found resource: db/migration/V3__Jar_symbols.sql
11:50:41.917 [pool-1-thread-5] DEBUG org.flywaydb.core.internal.scanner.classpath.ClassPathScanner -- Found resource: db/migration/V4__Fingerprints.sql
11:50:41.917 [pool-1-thread-5] DEBUG org.flywaydb.core.internal.scanner.classpath.ClassPathScanner -- Scanning for classes at classpath:db/migration
11:50:41.920 [pool-1-thread-5] DEBUG org.flywaydb.core.internal.scanner.Scanner -- Filtering out resource: db/migration/ (filename: )
11:50:41.920 [pool-1-thread-5] DEBUG org.flywaydb.core.internal.resource.ResourceNameValidator -- Validating V4__Fingerprints.sql
11:50:41.921 [pool-1-thread-5] DEBUG org.flywaydb.core.internal.resource.ResourceNameValidator -- Validating V1__Create_tables.sql
11:50:41.921 [pool-1-thread-5] DEBUG org.flywaydb.core.internal.resource.ResourceNameValidator -- Validating V2__Server_discovery.sql
11:50:41.922 [pool-1-thread-5] DEBUG org.flywaydb.core.internal.resource.ResourceNameValidator -- Validating V3__Jar_symbols.sql
11:50:41.980 [pool-1-thread-5] INFO org.flywaydb.core.FlywayExecutor -- Database: jdbc:h2:file:/home/btchinianga/linux_workspace/Formation_scala/todo/.metals/metals (H2 2.2)
11:50:41.980 [pool-1-thread-5] DEBUG org.flywaydb.core.FlywayExecutor -- Driver: H2 JDBC Driver 2.2.224 (2023-09-17)
11:50:41.980 [pool-1-thread-5] DEBUG org.flywaydb.core.FlywayExecutor -- DDL Transactions Supported: false
11:50:41.981 [pool-1-thread-5] DEBUG org.flywaydb.core.internal.schemahistory.SchemaHistoryFactory -- Schemas: 
11:50:41.981 [pool-1-thread-5] DEBUG org.flywaydb.core.internal.schemahistory.SchemaHistoryFactory -- Default schema: null
11:50:41.986 [pool-1-thread-5] WARN org.flywaydb.core.internal.database.base.Database -- Flyway upgrade recommended: H2 2.2.224 is newer than this version of Flyway and support has not been tested. The latest supported version of H2 is 2.2.220.
11:50:41.987 [pool-1-thread-5] DEBUG org.flywaydb.core.internal.callback.SqlScriptCallbackFactory -- Scanning for SQL callbacks ...
11:50:41.987 [pool-1-thread-5] DEBUG org.flywaydb.core.internal.scanner.Scanner -- Filtering out resource: db/migration/ (filename: )
11:50:41.993 [pool-1-thread-5] DEBUG org.flywaydb.core.internal.command.DbValidate -- Validating migrations ...
11:50:41.995 [pool-1-thread-5] DEBUG org.flywaydb.core.internal.scanner.Scanner -- Filtering out resource: db/migration/ (filename: )
11:50:42.000 [pool-1-thread-5] DEBUG org.flywaydb.core.internal.scanner.Scanner -- Filtering out resource: db/migration/V4__Fingerprints.sql (filename: V4__Fingerprints.sql)
11:50:42.000 [pool-1-thread-5] DEBUG org.flywaydb.core.internal.scanner.Scanner -- Filtering out resource: db/migration/V1__Create_tables.sql (filename: V1__Create_tables.sql)
11:50:42.000 [pool-1-thread-5] DEBUG org.flywaydb.core.internal.scanner.Scanner -- Filtering out resource: db/migration/V2__Server_discovery.sql (filename: V2__Server_discovery.sql)
11:50:42.000 [pool-1-thread-5] DEBUG org.flywaydb.core.internal.scanner.Scanner -- Filtering out resource: db/migration/V3__Jar_symbols.sql (filename: V3__Jar_symbols.sql)
11:50:42.000 [pool-1-thread-5] DEBUG org.flywaydb.core.internal.scanner.Scanner -- Filtering out resource: db/migration/ (filename: )
11:50:42.001 [pool-1-thread-5] DEBUG org.flywaydb.core.internal.scanner.Scanner -- Filtering out resource: db/migration/V4__Fingerprints.sql (filename: V4__Fingerprints.sql)
11:50:42.002 [pool-1-thread-5] DEBUG org.flywaydb.core.internal.scanner.Scanner -- Filtering out resource: db/migration/V1__Create_tables.sql (filename: V1__Create_tables.sql)
11:50:42.002 [pool-1-thread-5] DEBUG org.flywaydb.core.internal.scanner.Scanner -- Filtering out resource: db/migration/V2__Server_discovery.sql (filename: V2__Server_discovery.sql)
11:50:42.002 [pool-1-thread-5] DEBUG org.flywaydb.core.internal.scanner.Scanner -- Filtering out resource: db/migration/V3__Jar_symbols.sql (filename: V3__Jar_symbols.sql)
11:50:42.002 [pool-1-thread-5] DEBUG org.flywaydb.core.internal.scanner.Scanner -- Filtering out resource: db/migration/ (filename: )
11:50:42.004 [pool-1-thread-5] INFO org.flywaydb.core.internal.schemahistory.JdbcTableSchemaHistory -- Schema history table "PUBLIC"."flyway_schema_history" does not exist yet
11:50:42.008 [pool-1-thread-5] INFO org.flywaydb.core.internal.command.DbValidate -- Successfully validated 4 migrations (execution time 00:00.014s)
11:50:42.013 [pool-1-thread-5] DEBUG org.flywaydb.core.internal.command.DbSchemas -- Skipping creation of existing schema: "PUBLIC"
11:50:42.016 [pool-1-thread-5] INFO org.flywaydb.core.internal.schemahistory.JdbcTableSchemaHistory -- Creating Schema History table "PUBLIC"."flyway_schema_history" ...
11:50:42.017 [pool-1-thread-5] DEBUG org.flywaydb.core.internal.parser.Parser -- Parsing  ...
11:50:42.027 [pool-1-thread-5] DEBUG org.flywaydb.core.internal.sqlscript.ParserSqlScript -- Found statement at line 1: CREATE TABLE IF NOT EXISTS "PUBLIC"."flyway_schema_history" (
    "installed_rank" INT NOT NULL,
    "version" VARCHAR(50),
    "description" VARCHAR(200) NOT NULL,
    "type" VARCHAR(20) NOT NULL,
    "script" VARCHAR(1000) NOT NULL,
    "checksum" INT,
    "installed_by" VARCHAR(100) NOT NULL,
    "installed_on" TIMESTAMP NOT NULL DEFAULT CURRENT_TIMESTAMP,
    "execution_time" INT NOT NULL,
    "success" BOOLEAN NOT NULL,
    CONSTRAINT "flyway_schema_history_pk" PRIMARY KEY ("installed_rank")
) AS SELECT -1, NULL, '<< Flyway Schema History table created >>', 'TABLE', '', NULL, 'SA', CURRENT_TIMESTAMP, 0, TRUE
11:50:42.028 [pool-1-thread-5] DEBUG org.flywaydb.core.internal.sqlscript.ParserSqlScript -- Found statement at line 14: CREATE INDEX "PUBLIC"."flyway_schema_history_s_idx" ON "PUBLIC"."flyway_schema_history" ("success")
11:50:42.028 [pool-1-thread-5] DEBUG org.flywaydb.core.internal.sqlscript.DefaultSqlScriptExecutor -- Executing SQL: CREATE TABLE IF NOT EXISTS "PUBLIC"."flyway_schema_history" (
    "installed_rank" INT NOT NULL,
    "version" VARCHAR(50),
    "description" VARCHAR(200) NOT NULL,
    "type" VARCHAR(20) NOT NULL,
    "script" VARCHAR(1000) NOT NULL,
    "checksum" INT,
    "installed_by" VARCHAR(100) NOT NULL,
    "installed_on" TIMESTAMP NOT NULL DEFAULT CURRENT_TIMESTAMP,
    "execution_time" INT NOT NULL,
    "success" BOOLEAN NOT NULL,
    CONSTRAINT "flyway_schema_history_pk" PRIMARY KEY ("installed_rank")
) AS SELECT -1, NULL, '<< Flyway Schema History table created >>', 'TABLE', '', NULL, 'SA', CURRENT_TIMESTAMP, 0, TRUE
11:50:42.031 [pool-1-thread-5] DEBUG org.flywaydb.core.internal.sqlscript.DefaultSqlScriptExecutor -- 0 rows affected
11:50:42.031 [pool-1-thread-5] DEBUG org.flywaydb.core.internal.sqlscript.DefaultSqlScriptExecutor -- Executing SQL: CREATE INDEX "PUBLIC"."flyway_schema_history_s_idx" ON "PUBLIC"."flyway_schema_history" ("success")
11:50:42.033 [pool-1-thread-5] DEBUG org.flywaydb.core.internal.sqlscript.DefaultSqlScriptExecutor -- 0 rows affected
11:50:42.033 [pool-1-thread-5] DEBUG org.flywaydb.core.internal.schemahistory.JdbcTableSchemaHistory -- Created Schema History table "PUBLIC"."flyway_schema_history"
11:50:42.040 [pool-1-thread-5] INFO org.flywaydb.core.internal.command.DbMigrate -- Current version of schema "PUBLIC": << Empty Schema >>
11:50:42.040 [pool-1-thread-5] DEBUG org.flywaydb.core.internal.parser.Parser -- Parsing V1__Create_tables.sql ...
11:50:42.042 [pool-1-thread-5] DEBUG org.flywaydb.core.internal.sqlscript.ParserSqlScript -- Found statement at line 4: -- The relationship between library dependency sources under .metals/readonly/**
-- and build targets they belong to. Required to know what classpath to use
-- for compiling dependency sources.
create table dependency_source(
  text_document_uri varchar primary key,
  build_target_uri varchar not null
)
11:50:42.042 [pool-1-thread-5] DEBUG org.flywaydb.core.internal.sqlscript.ParserSqlScript -- Found statement at line 12: -- The relationship between library dependency sources under .metals/readonly/**
-- and worksheets they belong to. Required to know what classpath to use
-- for compiling dependency sources.
create table worksheet_dependency_source(
  text_document_uri varchar primary key,
  worksheet_uri varchar not null
)
11:50:42.044 [pool-1-thread-5] DEBUG org.flywaydb.core.internal.sqlscript.ParserSqlScript -- Found statement at line 19: -- The relationship between what library dependency sources under .metals/readonly/**
-- map to which build targets.
create table sbt_digest(
  md5 varchar,
  status tinyint not null,
  when_recorded timestamp
)
11:50:42.045 [pool-1-thread-5] DEBUG org.flywaydb.core.internal.sqlscript.ParserSqlScript -- Found statement at line 27: -- Which window/showMessage and window/showMessageRequest dialogues have been dismissed
-- by the user via "Don't show again" or closed by clicking on "x".
create table dismissed_notification(
  id int,
  when_dismissed timestamp,
  when_expires timestamp
)
11:50:42.046 [pool-1-thread-5] DEBUG org.flywaydb.core.internal.sqlscript.ParserSqlScript -- Found statement at line 34: -- The choice of build tool when multiple build tool files are found in a workspace
create table chosen_build_tool(
  build_tool varchar primary key
)
11:50:42.047 [pool-1-thread-5] DEBUG org.flywaydb.core.internal.command.DbMigrate -- Starting migration of schema "PUBLIC" to version "1 - Create tables" ...
11:50:42.048 [pool-1-thread-5] INFO org.flywaydb.core.internal.command.DbMigrate -- Migrating schema "PUBLIC" to version "1 - Create tables"
11:50:42.048 [pool-1-thread-5] DEBUG org.flywaydb.core.internal.sqlscript.DefaultSqlScriptExecutor -- Executing SQL: -- The relationship between library dependency sources under .metals/readonly/**
-- and build targets they belong to. Required to know what classpath to use
-- for compiling dependency sources.
create table dependency_source(
  text_document_uri varchar primary key,
  build_target_uri varchar not null
)
11:50:42.050 [pool-1-thread-5] DEBUG org.flywaydb.core.internal.sqlscript.DefaultSqlScriptExecutor -- 0 rows affected
11:50:42.050 [pool-1-thread-5] DEBUG org.flywaydb.core.internal.sqlscript.DefaultSqlScriptExecutor -- Executing SQL: -- The relationship between library dependency sources under .metals/readonly/**
-- and worksheets they belong to. Required to know what classpath to use
-- for compiling dependency sources.
create table worksheet_dependency_source(
  text_document_uri varchar primary key,
  worksheet_uri varchar not null
)
11:50:42.052 [pool-1-thread-5] DEBUG org.flywaydb.core.internal.sqlscript.DefaultSqlScriptExecutor -- 0 rows affected
11:50:42.052 [pool-1-thread-5] DEBUG org.flywaydb.core.internal.sqlscript.DefaultSqlScriptExecutor -- Executing SQL: -- The relationship between what library dependency sources under .metals/readonly/**
-- map to which build targets.
create table sbt_digest(
  md5 varchar,
  status tinyint not null,
  when_recorded timestamp
)
11:50:42.053 [pool-1-thread-5] DEBUG org.flywaydb.core.internal.sqlscript.DefaultSqlScriptExecutor -- 0 rows affected
11:50:42.053 [pool-1-thread-5] DEBUG org.flywaydb.core.internal.sqlscript.DefaultSqlScriptExecutor -- Executing SQL: -- Which window/showMessage and window/showMessageRequest dialogues have been dismissed
-- by the user via "Don't show again" or closed by clicking on "x".
create table dismissed_notification(
  id int,
  when_dismissed timestamp,
  when_expires timestamp
)
11:50:42.055 [pool-1-thread-5] DEBUG org.flywaydb.core.internal.sqlscript.DefaultSqlScriptExecutor -- 0 rows affected
11:50:42.055 [pool-1-thread-5] DEBUG org.flywaydb.core.internal.sqlscript.DefaultSqlScriptExecutor -- Executing SQL: -- The choice of build tool when multiple build tool files are found in a workspace
create table chosen_build_tool(
  build_tool varchar primary key
)
11:50:42.056 [pool-1-thread-5] DEBUG org.flywaydb.core.internal.sqlscript.DefaultSqlScriptExecutor -- 0 rows affected
11:50:42.057 [pool-1-thread-5] DEBUG org.flywaydb.core.internal.command.DbMigrate -- Successfully completed migration of schema "PUBLIC" to version "1 - Create tables"
11:50:42.061 [pool-1-thread-5] DEBUG org.flywaydb.core.internal.schemahistory.JdbcTableSchemaHistory -- Schema History table "PUBLIC"."flyway_schema_history" successfully updated to reflect changes
11:50:42.066 [pool-1-thread-5] DEBUG org.flywaydb.core.internal.parser.Parser -- Parsing V2__Server_discovery.sql ...
11:50:42.069 [pool-1-thread-5] DEBUG org.flywaydb.core.internal.sqlscript.ParserSqlScript -- Found statement at line 4: -- For each unique combination of installed build servers we select one server.
-- The md5 checksum is computed from the names of the installed build servers, and
-- the selected server is the server which the user chose for this workspace.
create table chosen_build_server(
  md5 varchar primary key,
  selected_server varchar,
  when_recorded timestamp
)
11:50:42.070 [pool-1-thread-5] DEBUG org.flywaydb.core.internal.command.DbMigrate -- Starting migration of schema "PUBLIC" to version "2 - Server discovery" ...
11:50:42.071 [pool-1-thread-5] INFO org.flywaydb.core.internal.command.DbMigrate -- Migrating schema "PUBLIC" to version "2 - Server discovery"
11:50:42.072 [pool-1-thread-5] DEBUG org.flywaydb.core.internal.sqlscript.DefaultSqlScriptExecutor -- Executing SQL: -- For each unique combination of installed build servers we select one server.
-- The md5 checksum is computed from the names of the installed build servers, and
-- the selected server is the server which the user chose for this workspace.
create table chosen_build_server(
  md5 varchar primary key,
  selected_server varchar,
  when_recorded timestamp
)
11:50:42.074 [pool-1-thread-5] DEBUG org.flywaydb.core.internal.sqlscript.DefaultSqlScriptExecutor -- 0 rows affected
11:50:42.075 [pool-1-thread-5] DEBUG org.flywaydb.core.internal.command.DbMigrate -- Successfully completed migration of schema "PUBLIC" to version "2 - Server discovery"
11:50:42.079 [pool-1-thread-5] DEBUG org.flywaydb.core.internal.schemahistory.JdbcTableSchemaHistory -- Schema History table "PUBLIC"."flyway_schema_history" successfully updated to reflect changes
11:50:42.083 [pool-1-thread-5] DEBUG org.flywaydb.core.internal.parser.Parser -- Parsing V3__Jar_symbols.sql ...
11:50:42.086 [pool-1-thread-5] DEBUG org.flywaydb.core.internal.sqlscript.ParserSqlScript -- Found statement at line 2: -- Indexed jars, the MD5 digest of path, modified time and size as key
create table indexed_jar(
  id int auto_increment unique,
  md5 varchar primary key
)
11:50:42.086 [pool-1-thread-5] DEBUG org.flywaydb.core.internal.sqlscript.ParserSqlScript -- Found statement at line 7: -- Top Level Symbols per jar, allow for multiple jars with same symbols and paths
create table toplevel_symbol(
  symbol varchar not null,
  path varchar not null,
  jar int,
  foreign key (jar) references indexed_jar (id) on delete cascade,
  primary key (jar, path, symbol)
)
11:50:42.087 [pool-1-thread-5] DEBUG org.flywaydb.core.internal.sqlscript.ParserSqlScript -- Found statement at line 15: -- Create index to speedup lookup of jar symbols
create index toplevel_symbol_jar on toplevel_symbol(jar)
11:50:42.088 [pool-1-thread-5] DEBUG org.flywaydb.core.internal.command.DbMigrate -- Starting migration of schema "PUBLIC" to version "3 - Jar symbols" ...
11:50:42.089 [pool-1-thread-5] INFO org.flywaydb.core.internal.command.DbMigrate -- Migrating schema "PUBLIC" to version "3 - Jar symbols"
11:50:42.089 [pool-1-thread-5] DEBUG org.flywaydb.core.internal.sqlscript.DefaultSqlScriptExecutor -- Executing SQL: -- Indexed jars, the MD5 digest of path, modified time and size as key
create table indexed_jar(
  id int auto_increment unique,
  md5 varchar primary key
)
11:50:42.096 [pool-1-thread-5] DEBUG org.flywaydb.core.internal.sqlscript.DefaultSqlScriptExecutor -- 0 rows affected
11:50:42.096 [pool-1-thread-5] DEBUG org.flywaydb.core.internal.sqlscript.DefaultSqlScriptExecutor -- Executing SQL: -- Top Level Symbols per jar, allow for multiple jars with same symbols and paths
create table toplevel_symbol(
  symbol varchar not null,
  path varchar not null,
  jar int,
  foreign key (jar) references indexed_jar (id) on delete cascade,
  primary key (jar, path, symbol)
)
11:50:42.103 [pool-1-thread-5] DEBUG org.flywaydb.core.internal.sqlscript.DefaultSqlScriptExecutor -- 0 rows affected
11:50:42.103 [pool-1-thread-5] DEBUG org.flywaydb.core.internal.sqlscript.DefaultSqlScriptExecutor -- Executing SQL: -- Create index to speedup lookup of jar symbols
create index toplevel_symbol_jar on toplevel_symbol(jar)
11:50:42.104 [pool-1-thread-5] DEBUG org.flywaydb.core.internal.sqlscript.DefaultSqlScriptExecutor -- 0 rows affected
11:50:42.104 [pool-1-thread-5] DEBUG org.flywaydb.core.internal.command.DbMigrate -- Successfully completed migration of schema "PUBLIC" to version "3 - Jar symbols"
11:50:42.106 [pool-1-thread-5] DEBUG org.flywaydb.core.internal.schemahistory.JdbcTableSchemaHistory -- Schema History table "PUBLIC"."flyway_schema_history" successfully updated to reflect changes
11:50:42.110 [pool-1-thread-5] DEBUG org.flywaydb.core.internal.parser.Parser -- Parsing V4__Fingerprints.sql ...
11:50:42.111 [pool-1-thread-5] DEBUG org.flywaydb.core.internal.sqlscript.ParserSqlScript -- Found statement at line 2: -- Fingerprints saved between invocations
create table fingerprints(
  path varchar not null,
  text varchar not null,
  md5 varchar not null,
  id int auto_increment unique
)
11:50:42.112 [pool-1-thread-5] DEBUG org.flywaydb.core.internal.command.DbMigrate -- Starting migration of schema "PUBLIC" to version "4 - Fingerprints" ...
11:50:42.113 [pool-1-thread-5] INFO org.flywaydb.core.internal.command.DbMigrate -- Migrating schema "PUBLIC" to version "4 - Fingerprints"
11:50:42.114 [pool-1-thread-5] DEBUG org.flywaydb.core.internal.sqlscript.DefaultSqlScriptExecutor -- Executing SQL: -- Fingerprints saved between invocations
create table fingerprints(
  path varchar not null,
  text varchar not null,
  md5 varchar not null,
  id int auto_increment unique
)
11:50:42.117 [pool-1-thread-5] DEBUG org.flywaydb.core.internal.sqlscript.DefaultSqlScriptExecutor -- 0 rows affected
11:50:42.117 [pool-1-thread-5] DEBUG org.flywaydb.core.internal.command.DbMigrate -- Successfully completed migration of schema "PUBLIC" to version "4 - Fingerprints"
11:50:42.119 [pool-1-thread-5] DEBUG org.flywaydb.core.internal.schemahistory.JdbcTableSchemaHistory -- Schema History table "PUBLIC"."flyway_schema_history" successfully updated to reflect changes
11:50:42.123 [pool-1-thread-5] INFO org.flywaydb.core.internal.command.DbMigrate -- Successfully applied 4 migrations to schema "PUBLIC", now at version v4 (execution time 00:00.035s)
11:50:42.133 [pool-1-thread-5] DEBUG org.flywaydb.core.FlywayExecutor -- Memory usage: 132 of 212M
2024.02.14 11:50:42 WARN  Build server is not auto-connectable.[0m
2024.02.14 11:50:44 INFO  running '/home/btchinianga/.local/share/coursier/bin/sbt -Dbloop.export-jar-classifiers=sources bloopInstall'[0m
2024.02.14 11:50:45 WARN  no build target for: /home/btchinianga/linux_workspace/Formation_scala/todo/project/metals.sbt[0m
2024.02.14 11:50:45 WARN  no build target for: /home/btchinianga/linux_workspace/Formation_scala/todo/project/project/metals.sbt[0m
2024.02.14 11:50:45 INFO  skipping build import with status 'Started'[0m
2024.02.14 11:50:46 INFO  [info] welcome to sbt 1.8.2 (Eclipse Adoptium Java 11.0.22)[0m
2024.02.14 11:50:48 INFO  [info] loading settings for project todo-build-build-build from metals.sbt ...[0m
2024.02.14 11:50:48 INFO  no build target found for /home/btchinianga/linux_workspace/Formation_scala/todo/project/metals.sbt. Using presentation compiler with project's scala-library version: 3.3.1[0m
2024.02.14 11:50:48 INFO  [info] loading project definition from /home/btchinianga/linux_workspace/Formation_scala/todo/project/project/project[0m
2024.02.14 11:50:50 INFO  [info] loading settings for project todo-build-build from metals.sbt ...[0m
2024.02.14 11:50:50 INFO  [info] loading project definition from /home/btchinianga/linux_workspace/Formation_scala/todo/project/project[0m
2024.02.14 11:50:51 INFO  [success] Generated .bloop/todo-build-build.json[0m
2024.02.14 11:50:51 INFO  [success] Total time: 1 s, completed Feb 14, 2024, 11:50:51 AM[0m
2024.02.14 11:50:52 INFO  [info] loading settings for project todo-build from buildSettings.sbt,metals.sbt,plugins.sbt ...[0m
2024.02.14 11:50:52 INFO  [info] loading project definition from /home/btchinianga/linux_workspace/Formation_scala/todo/project[0m
2024.02.14 11:50:52 INFO  [success] Generated .bloop/todo-build.json[0m
2024.02.14 11:50:52 INFO  [info] compiling 3 Scala sources to /home/btchinianga/linux_workspace/Formation_scala/todo/project/target/scala-2.12/sbt-1.0/classes ...[0m
2024.02.14 11:50:57 INFO  [info] done compiling[0m
2024.02.14 11:50:57 INFO  [success] Total time: 5 s, completed Feb 14, 2024, 11:50:57 AM[0m
2024.02.14 11:50:58 INFO  [info] loading settings for project todo from assignment.sbt,build.sbt ...[0m
2024.02.14 11:50:58 INFO  [info] set current project to effective-scala-todo (in build file:/home/btchinianga/linux_workspace/Formation_scala/todo/)[0m
2024.02.14 11:51:02 INFO  [success] Generated .bloop/todo-test.json[0m
2024.02.14 11:51:02 INFO  [success] Generated .bloop/todo.json[0m
2024.02.14 11:51:02 INFO  [success] Total time: 3 s, completed Feb 14, 2024, 11:51:02 AM[0m
2024.02.14 11:51:02 INFO  time: ran 'sbt bloopInstall' in 17s[0m
2024.02.14 11:51:02 INFO  Attempting to connect to the build server...[0m
2024.02.14 11:51:02 INFO  Bloop uses /home/btchinianga/.jabba/jdk/openjdk@1.17.0 defined at /home/btchinianga/.bloop/bloop.json[0m
2024.02.14 11:51:02 INFO  tracing is disabled for protocol BSP, to enable tracing of incoming and outgoing JSON messages create an empty file at /home/btchinianga/linux_workspace/Formation_scala/todo/.metals/bsp.trace.json or /home/btchinianga/.cache/metals/bsp.trace.json[0m
2024.02.14 11:51:02 INFO  Attempting to connect to the build server...[0m
2024.02.14 11:51:02 INFO  Bloop uses /home/btchinianga/.jabba/jdk/openjdk@1.17.0 defined at /home/btchinianga/.bloop/bloop.json[0m
2024.02.14 11:51:02 INFO  Attempting to connect to the build server...[0m
2024.02.14 11:51:02 INFO  Bloop uses /home/btchinianga/.jabba/jdk/openjdk@1.17.0 defined at /home/btchinianga/.bloop/bloop.json[0m
2024.02.14 11:51:02 INFO  tracing is disabled for protocol BSP, to enable tracing of incoming and outgoing JSON messages create an empty file at /home/btchinianga/linux_workspace/Formation_scala/todo/project/project/.metals/bsp.trace.json or /home/btchinianga/.cache/metals/bsp.trace.json[0m
2024.02.14 11:51:02 INFO  tracing is disabled for protocol BSP, to enable tracing of incoming and outgoing JSON messages create an empty file at /home/btchinianga/linux_workspace/Formation_scala/todo/project/.metals/bsp.trace.json or /home/btchinianga/.cache/metals/bsp.trace.json[0m
2024.02.14 11:51:02 INFO  time: Connected to build server in 0.23s[0m
2024.02.14 11:51:02 INFO  Connected to Build server: Bloop v1.5.15[0m
2024.02.14 11:51:07 INFO  time: indexed workspace in 4.67s[0m
Feb 14, 2024 11:56:32 AM org.eclipse.lsp4j.jsonrpc.RemoteEndpoint fallbackResponseError
SEVERE: Internal error: java.util.NoSuchElementException: BatchedFunction
java.util.concurrent.CompletionException: java.util.NoSuchElementException: BatchedFunction
	at java.base/java.util.concurrent.CompletableFuture.encodeThrowable(CompletableFuture.java:332)
	at java.base/java.util.concurrent.CompletableFuture.completeThrowable(CompletableFuture.java:347)
	at java.base/java.util.concurrent.CompletableFuture$UniAccept.tryFire(CompletableFuture.java:708)
	at java.base/java.util.concurrent.CompletableFuture.postComplete(CompletableFuture.java:510)
	at java.base/java.util.concurrent.CompletableFuture.completeExceptionally(CompletableFuture.java:2162)
	at scala.meta.internal.metals.CancelTokens$.$anonfun$future$1(CancelTokens.scala:40)
	at scala.meta.internal.metals.CancelTokens$.$anonfun$future$1$adapted(CancelTokens.scala:38)
	at scala.concurrent.impl.Promise$Transformation.run(Promise.scala:484)
	at java.base/java.util.concurrent.ThreadPoolExecutor.runWorker(ThreadPoolExecutor.java:1136)
	at java.base/java.util.concurrent.ThreadPoolExecutor$Worker.run(ThreadPoolExecutor.java:635)
	at java.base/java.lang.Thread.run(Thread.java:833)
Caused by: java.util.NoSuchElementException: BatchedFunction
	at scala.meta.internal.metals.BatchedFunction.<init>(BatchedFunction.scala:101)
	at scala.meta.internal.metals.MetalsLspService.<init>(MetalsLspService.scala:271)
	at scala.meta.internal.metals.WorkspaceLspService.createService(WorkspaceLspService.scala:183)
	at scala.meta.internal.metals.WorkspaceLspService.$anonfun$workspaceFolders$1(WorkspaceLspService.scala:190)
	at scala.meta.internal.metals.WorkspaceFolders.$anonfun$folderServices$2(WorkspaceFolders.scala:25)
	at scala.collection.immutable.List.map(List.scala:246)
	at scala.meta.internal.metals.WorkspaceFolders.<init>(WorkspaceFolders.scala:25)
	at scala.meta.internal.metals.WorkspaceLspService.<init>(WorkspaceLspService.scala:188)
	at scala.meta.metals.MetalsLanguageServer.createService(MetalsLanguageServer.scala:231)
	at scala.meta.metals.MetalsLanguageServer.initialize(MetalsLanguageServer.scala:170)
	at java.base/jdk.internal.reflect.NativeMethodAccessorImpl.invoke0(Native Method)
	at java.base/jdk.internal.reflect.NativeMethodAccessorImpl.invoke(NativeMethodAccessorImpl.java:77)
	at java.base/jdk.internal.reflect.DelegatingMethodAccessorImpl.invoke(DelegatingMethodAccessorImpl.java:43)
	at java.base/java.lang.reflect.Method.invoke(Method.java:568)
	at org.eclipse.lsp4j.jsonrpc.services.GenericEndpoint.lambda$null$0(GenericEndpoint.java:65)
	at org.eclipse.lsp4j.jsonrpc.services.GenericEndpoint.request(GenericEndpoint.java:120)
	at org.eclipse.lsp4j.jsonrpc.RemoteEndpoint.handleRequest(RemoteEndpoint.java:261)
	at org.eclipse.lsp4j.jsonrpc.RemoteEndpoint.consume(RemoteEndpoint.java:190)
	at org.eclipse.lsp4j.jsonrpc.json.StreamMessageProducer.handleMessage(StreamMessageProducer.java:194)
	at org.eclipse.lsp4j.jsonrpc.json.StreamMessageProducer.listen(StreamMessageProducer.java:94)
	at org.eclipse.lsp4j.jsonrpc.json.ConcurrentMessageProcessor.run(ConcurrentMessageProcessor.java:113)
	at java.base/java.util.concurrent.Executors$RunnableAdapter.call(Executors.java:539)
	at java.base/java.util.concurrent.FutureTask.run(FutureTask.java:264)
	... 3 more

2024.02.14 11:57:33 INFO  compiling todo (15 scala sources)[0m
2024.02.14 11:57:33 INFO  time: compiled todo in 77ms[0m
2024.02.14 11:57:33 INFO  compiling todo (14 scala sources)[0m
2024.02.14 11:57:36 INFO  time: compiled todo in 2.67s[0m
2024.02.14 11:58:00 INFO  compiling todo-build (3 scala sources)[0m
2024.02.14 11:58:03 INFO  time: code lens generation in 2.3s[0m
2024.02.14 11:58:06 INFO  time: compiled todo-build in 5.17s[0m
Feb 14, 2024 11:58:39 AM org.eclipse.lsp4j.jsonrpc.RemoteEndpoint handleCancellation
WARNING: Unmatched cancel notification for request id 38
2024.02.14 12:01:36 INFO  running '/home/btchinianga/.local/share/coursier/bin/sbt -Dbloop.export-jar-classifiers=sources bloopInstall'[0m
2024.02.14 12:01:37 INFO  [info] welcome to sbt 1.8.2 (Eclipse Adoptium Java 11.0.22)[0m
2024.02.14 12:01:37 INFO  [info] loading settings for project todo-build-build-build from metals.sbt ...[0m
2024.02.14 12:01:38 INFO  [info] loading project definition from /home/btchinianga/linux_workspace/Formation_scala/todo/project/project/project[0m
2024.02.14 12:01:38 INFO  [info] loading settings for project todo-build-build from metals.sbt ...[0m
2024.02.14 12:01:38 INFO  [info] loading project definition from /home/btchinianga/linux_workspace/Formation_scala/todo/project/project[0m
2024.02.14 12:01:40 INFO  [success] Generated .bloop/todo-build-build.json[0m
2024.02.14 12:01:40 INFO  [success] Total time: 1 s, completed Feb 14, 2024, 12:01:40 PM[0m
2024.02.14 12:01:40 INFO  [info] loading settings for project todo-build from buildSettings.sbt,metals.sbt,plugins.sbt ...[0m
2024.02.14 12:01:40 INFO  [info] loading project definition from /home/btchinianga/linux_workspace/Formation_scala/todo/project[0m
2024.02.14 12:01:40 INFO  [success] Generated .bloop/todo-build.json[0m
2024.02.14 12:01:40 INFO  [success] Total time: 1 s, completed Feb 14, 2024, 12:01:41 PM[0m
2024.02.14 12:01:42 INFO  [info] loading settings for project todo from assignment.sbt,build.sbt ...[0m
2024.02.14 12:01:42 INFO  [info] set current project to effective-scala-todo (in build file:/home/btchinianga/linux_workspace/Formation_scala/todo/)[0m
2024.02.14 12:01:44 INFO  [success] Generated .bloop/todo.json[0m
2024.02.14 12:01:44 INFO  [success] Generated .bloop/todo-test.json[0m
2024.02.14 12:01:44 INFO  [success] Total time: 1 s, completed Feb 14, 2024, 12:01:44 PM[0m
2024.02.14 12:01:44 INFO  time: ran 'sbt bloopInstall' in 8.54s[0m
2024.02.14 12:01:44 INFO  Disconnecting from Bloop session...[0m
2024.02.14 12:01:44 INFO  Shut down connection with build server.[0m
2024.02.14 12:01:44 INFO  Shut down connection with build server.[0m
2024.02.14 12:01:44 INFO  Shut down connection with build server.[0m
2024.02.14 12:01:44 INFO  Attempting to connect to the build server...[0m
2024.02.14 12:01:44 INFO  Bloop uses /home/btchinianga/.jabba/jdk/openjdk@1.17.0 defined at /home/btchinianga/.bloop/bloop.json[0m
2024.02.14 12:01:44 INFO  tracing is disabled for protocol BSP, to enable tracing of incoming and outgoing JSON messages create an empty file at /home/btchinianga/linux_workspace/Formation_scala/todo/.metals/bsp.trace.json or /home/btchinianga/.cache/metals/bsp.trace.json[0m
2024.02.14 12:01:44 INFO  Attempting to connect to the build server...[0m
2024.02.14 12:01:44 INFO  Bloop uses /home/btchinianga/.jabba/jdk/openjdk@1.17.0 defined at /home/btchinianga/.bloop/bloop.json[0m
2024.02.14 12:01:44 INFO  Attempting to connect to the build server...[0m
2024.02.14 12:01:44 INFO  Bloop uses /home/btchinianga/.jabba/jdk/openjdk@1.17.0 defined at /home/btchinianga/.bloop/bloop.json[0m
2024.02.14 12:01:44 INFO  tracing is disabled for protocol BSP, to enable tracing of incoming and outgoing JSON messages create an empty file at /home/btchinianga/linux_workspace/Formation_scala/todo/project/project/.metals/bsp.trace.json or /home/btchinianga/.cache/metals/bsp.trace.json[0m
2024.02.14 12:01:44 INFO  tracing is disabled for protocol BSP, to enable tracing of incoming and outgoing JSON messages create an empty file at /home/btchinianga/linux_workspace/Formation_scala/todo/project/.metals/bsp.trace.json or /home/btchinianga/.cache/metals/bsp.trace.json[0m
2024.02.14 12:01:44 INFO  time: Connected to build server in 0.11s[0m
2024.02.14 12:01:44 INFO  Connected to Build server: Bloop v1.5.15[0m
2024.02.14 12:01:46 INFO  time: indexed workspace in 1.19s[0m
2024.02.14 12:01:48 INFO  time: code lens generation in 1.72s[0m
2024.02.14 12:03:52 INFO  skipping build import with status 'Installed'[0m
2024.02.14 12:04:59 INFO  skipping build import with status 'Installed'[0m
2024.02.14 12:23:54 INFO  compiling todo (14 scala sources)[0m
2024.02.14 12:23:57 INFO  time: compiled todo in 2.21s[0m
Feb 14, 2024 12:34:07 PM org.eclipse.lsp4j.jsonrpc.RemoteEndpoint handleCancellation
WARNING: Unmatched cancel notification for request id 224
Feb 14, 2024 12:34:07 PM org.eclipse.lsp4j.jsonrpc.RemoteEndpoint handleCancellation
WARNING: Unmatched cancel notification for request id 225
Feb 14, 2024 12:34:07 PM org.eclipse.lsp4j.jsonrpc.RemoteEndpoint handleCancellation
WARNING: Unmatched cancel notification for request id 226
Feb 14, 2024 12:34:07 PM org.eclipse.lsp4j.jsonrpc.RemoteEndpoint handleCancellation
WARNING: Unmatched cancel notification for request id 227
2024.02.14 12:49:15 INFO  compiling todo-test (3 scala sources)[0m
2024.02.14 12:49:15 INFO  time: compiled todo-test in 0.74s[0m
2024.02.14 13:06:43 INFO  Shutting down server[0m
2024.02.14 13:06:43 INFO  shutting down Metals[0m
2024.02.14 13:06:43 INFO  Shut down connection with build server.[0m
2024.02.14 13:06:43 INFO  Shut down connection with build server.[0m
2024.02.14 13:06:43 INFO  Shut down connection with build server.[0m
2024.02.14 13:06:43 INFO  Exiting server[0m
