2024.02.08 14:55:01 INFO  Started: Metals version 1.2.1 in folders '/home/btchinianga/linux_workspace/Formation_scala/new_project' for client Visual Studio Code 1.86.0.[0m
14:55:01.558 [pool-1-thread-1] INFO org.flywaydb.core.internal.license.VersionPrinter -- Flyway Community Edition 9.22.3 by Redgate
14:55:01.559 [pool-1-thread-1] INFO org.flywaydb.core.internal.license.VersionPrinter -- See release notes here: https://rd.gt/416ObMi
14:55:01.559 [pool-1-thread-1] INFO org.flywaydb.core.internal.license.VersionPrinter -- 
14:55:01.561 [pool-1-thread-1] DEBUG org.flywaydb.core.internal.scanner.classpath.ClassPathScanner -- Scanning for classpath resources at 'classpath:db/callback' ...
14:55:01.561 [pool-1-thread-1] DEBUG org.flywaydb.core.internal.scanner.classpath.ClassPathScanner -- Determining location urls for classpath:db/callback using ClassLoader jdk.internal.loader.ClassLoaders$AppClassLoader@5cb0d902 ...
14:55:01.561 [pool-1-thread-1] DEBUG org.flywaydb.core.internal.scanner.classpath.ClassPathScanner -- Unable to resolve location classpath:db/callback.
14:55:01.561 [pool-1-thread-1] DEBUG org.flywaydb.core.internal.scanner.classpath.ClassPathScanner -- Scanning for classpath resources at 'classpath:db/migration' ...
14:55:01.561 [pool-1-thread-1] DEBUG org.flywaydb.core.internal.scanner.classpath.ClassPathScanner -- Determining location urls for classpath:db/migration using ClassLoader jdk.internal.loader.ClassLoaders$AppClassLoader@5cb0d902 ...
14:55:01.561 [pool-1-thread-1] DEBUG org.flywaydb.core.internal.scanner.classpath.ClassPathScanner -- Scanning URL: jar:file:/home/btchinianga/.cache/coursier/v1/https/repo1.maven.org/maven2/org/scalameta/metals_2.13/1.2.1/metals_2.13-1.2.1.jar!/db/migration
14:55:01.563 [pool-1-thread-1] DEBUG org.flywaydb.core.internal.scanner.classpath.ClassPathScanner -- Found resource: db/migration/
14:55:01.563 [pool-1-thread-1] DEBUG org.flywaydb.core.internal.scanner.classpath.ClassPathScanner -- Found resource: db/migration/V1__Create_tables.sql
14:55:01.563 [pool-1-thread-1] DEBUG org.flywaydb.core.internal.scanner.classpath.ClassPathScanner -- Found resource: db/migration/V2__Server_discovery.sql
14:55:01.563 [pool-1-thread-1] DEBUG org.flywaydb.core.internal.scanner.classpath.ClassPathScanner -- Found resource: db/migration/V3__Jar_symbols.sql
14:55:01.563 [pool-1-thread-1] DEBUG org.flywaydb.core.internal.scanner.classpath.ClassPathScanner -- Found resource: db/migration/V4__Fingerprints.sql
14:55:01.563 [pool-1-thread-1] DEBUG org.flywaydb.core.internal.scanner.classpath.ClassPathScanner -- Scanning for classes at classpath:db/migration
14:55:01.565 [pool-1-thread-1] DEBUG org.flywaydb.core.internal.scanner.Scanner -- Filtering out resource: db/migration/ (filename: )
14:55:01.565 [pool-1-thread-1] DEBUG org.flywaydb.core.internal.resource.ResourceNameValidator -- Validating V4__Fingerprints.sql
14:55:01.565 [pool-1-thread-1] DEBUG org.flywaydb.core.internal.resource.ResourceNameValidator -- Validating V1__Create_tables.sql
14:55:01.565 [pool-1-thread-1] DEBUG org.flywaydb.core.internal.resource.ResourceNameValidator -- Validating V2__Server_discovery.sql
14:55:01.565 [pool-1-thread-1] DEBUG org.flywaydb.core.internal.resource.ResourceNameValidator -- Validating V3__Jar_symbols.sql
14:55:01.625 [pool-1-thread-1] INFO org.flywaydb.core.FlywayExecutor -- Database: jdbc:h2:file:/home/btchinianga/linux_workspace/Formation_scala/new_project/.metals/metals (H2 2.2)
14:55:01.625 [pool-1-thread-1] DEBUG org.flywaydb.core.FlywayExecutor -- Driver: H2 JDBC Driver 2.2.224 (2023-09-17)
14:55:01.625 [pool-1-thread-1] DEBUG org.flywaydb.core.FlywayExecutor -- DDL Transactions Supported: false
14:55:01.626 [pool-1-thread-1] DEBUG org.flywaydb.core.internal.schemahistory.SchemaHistoryFactory -- Schemas: 
14:55:01.626 [pool-1-thread-1] DEBUG org.flywaydb.core.internal.schemahistory.SchemaHistoryFactory -- Default schema: null
14:55:01.630 [pool-1-thread-1] WARN org.flywaydb.core.internal.database.base.Database -- Flyway upgrade recommended: H2 2.2.224 is newer than this version of Flyway and support has not been tested. The latest supported version of H2 is 2.2.220.
14:55:01.630 [pool-1-thread-1] DEBUG org.flywaydb.core.internal.callback.SqlScriptCallbackFactory -- Scanning for SQL callbacks ...
14:55:01.631 [pool-1-thread-1] DEBUG org.flywaydb.core.internal.scanner.Scanner -- Filtering out resource: db/migration/ (filename: )
14:55:01.634 [pool-1-thread-1] DEBUG org.flywaydb.core.internal.command.DbValidate -- Validating migrations ...
14:55:01.636 [pool-1-thread-1] DEBUG org.flywaydb.core.internal.scanner.Scanner -- Filtering out resource: db/migration/ (filename: )
14:55:01.640 [pool-1-thread-1] DEBUG org.flywaydb.core.internal.scanner.Scanner -- Filtering out resource: db/migration/V4__Fingerprints.sql (filename: V4__Fingerprints.sql)
14:55:01.640 [pool-1-thread-1] DEBUG org.flywaydb.core.internal.scanner.Scanner -- Filtering out resource: db/migration/V1__Create_tables.sql (filename: V1__Create_tables.sql)
14:55:01.640 [pool-1-thread-1] DEBUG org.flywaydb.core.internal.scanner.Scanner -- Filtering out resource: db/migration/V2__Server_discovery.sql (filename: V2__Server_discovery.sql)
14:55:01.640 [pool-1-thread-1] DEBUG org.flywaydb.core.internal.scanner.Scanner -- Filtering out resource: db/migration/V3__Jar_symbols.sql (filename: V3__Jar_symbols.sql)
14:55:01.640 [pool-1-thread-1] DEBUG org.flywaydb.core.internal.scanner.Scanner -- Filtering out resource: db/migration/ (filename: )
14:55:01.640 [pool-1-thread-1] DEBUG org.flywaydb.core.internal.scanner.Scanner -- Filtering out resource: db/migration/V4__Fingerprints.sql (filename: V4__Fingerprints.sql)
14:55:01.640 [pool-1-thread-1] DEBUG org.flywaydb.core.internal.scanner.Scanner -- Filtering out resource: db/migration/V1__Create_tables.sql (filename: V1__Create_tables.sql)
14:55:01.641 [pool-1-thread-1] DEBUG org.flywaydb.core.internal.scanner.Scanner -- Filtering out resource: db/migration/V2__Server_discovery.sql (filename: V2__Server_discovery.sql)
14:55:01.641 [pool-1-thread-1] DEBUG org.flywaydb.core.internal.scanner.Scanner -- Filtering out resource: db/migration/V3__Jar_symbols.sql (filename: V3__Jar_symbols.sql)
14:55:01.641 [pool-1-thread-1] DEBUG org.flywaydb.core.internal.scanner.Scanner -- Filtering out resource: db/migration/ (filename: )
14:55:01.641 [pool-1-thread-1] INFO org.flywaydb.core.internal.schemahistory.JdbcTableSchemaHistory -- Schema history table "PUBLIC"."flyway_schema_history" does not exist yet
14:55:01.643 [pool-1-thread-1] INFO org.flywaydb.core.internal.command.DbValidate -- Successfully validated 4 migrations (execution time 00:00.008s)
14:55:01.645 [pool-1-thread-1] DEBUG org.flywaydb.core.internal.command.DbSchemas -- Skipping creation of existing schema: "PUBLIC"
14:55:01.647 [pool-1-thread-1] INFO org.flywaydb.core.internal.schemahistory.JdbcTableSchemaHistory -- Creating Schema History table "PUBLIC"."flyway_schema_history" ...
14:55:01.648 [pool-1-thread-1] DEBUG org.flywaydb.core.internal.parser.Parser -- Parsing  ...
14:55:01.654 [pool-1-thread-1] DEBUG org.flywaydb.core.internal.sqlscript.ParserSqlScript -- Found statement at line 1: CREATE TABLE IF NOT EXISTS "PUBLIC"."flyway_schema_history" (
    "installed_rank" INT NOT NULL,
    "version" VARCHAR(50),
    "description" VARCHAR(200) NOT NULL,
    "type" VARCHAR(20) NOT NULL,
    "script" VARCHAR(1000) NOT NULL,
    "checksum" INT,
    "installed_by" VARCHAR(100) NOT NULL,
    "installed_on" TIMESTAMP NOT NULL DEFAULT CURRENT_TIMESTAMP,
    "execution_time" INT NOT NULL,
    "success" BOOLEAN NOT NULL,
    CONSTRAINT "flyway_schema_history_pk" PRIMARY KEY ("installed_rank")
) AS SELECT -1, NULL, '<< Flyway Schema History table created >>', 'TABLE', '', NULL, 'SA', CURRENT_TIMESTAMP, 0, TRUE
14:55:01.654 [pool-1-thread-1] DEBUG org.flywaydb.core.internal.sqlscript.ParserSqlScript -- Found statement at line 14: CREATE INDEX "PUBLIC"."flyway_schema_history_s_idx" ON "PUBLIC"."flyway_schema_history" ("success")
14:55:01.655 [pool-1-thread-1] DEBUG org.flywaydb.core.internal.sqlscript.DefaultSqlScriptExecutor -- Executing SQL: CREATE TABLE IF NOT EXISTS "PUBLIC"."flyway_schema_history" (
    "installed_rank" INT NOT NULL,
    "version" VARCHAR(50),
    "description" VARCHAR(200) NOT NULL,
    "type" VARCHAR(20) NOT NULL,
    "script" VARCHAR(1000) NOT NULL,
    "checksum" INT,
    "installed_by" VARCHAR(100) NOT NULL,
    "installed_on" TIMESTAMP NOT NULL DEFAULT CURRENT_TIMESTAMP,
    "execution_time" INT NOT NULL,
    "success" BOOLEAN NOT NULL,
    CONSTRAINT "flyway_schema_history_pk" PRIMARY KEY ("installed_rank")
) AS SELECT -1, NULL, '<< Flyway Schema History table created >>', 'TABLE', '', NULL, 'SA', CURRENT_TIMESTAMP, 0, TRUE
14:55:01.657 [pool-1-thread-1] DEBUG org.flywaydb.core.internal.sqlscript.DefaultSqlScriptExecutor -- 0 rows affected
14:55:01.657 [pool-1-thread-1] DEBUG org.flywaydb.core.internal.sqlscript.DefaultSqlScriptExecutor -- Executing SQL: CREATE INDEX "PUBLIC"."flyway_schema_history_s_idx" ON "PUBLIC"."flyway_schema_history" ("success")
14:55:01.658 [pool-1-thread-1] DEBUG org.flywaydb.core.internal.sqlscript.DefaultSqlScriptExecutor -- 0 rows affected
14:55:01.659 [pool-1-thread-1] DEBUG org.flywaydb.core.internal.schemahistory.JdbcTableSchemaHistory -- Created Schema History table "PUBLIC"."flyway_schema_history"
14:55:01.663 [pool-1-thread-1] INFO org.flywaydb.core.internal.command.DbMigrate -- Current version of schema "PUBLIC": << Empty Schema >>
14:55:01.663 [pool-1-thread-1] DEBUG org.flywaydb.core.internal.parser.Parser -- Parsing V1__Create_tables.sql ...
14:55:01.664 [pool-1-thread-1] DEBUG org.flywaydb.core.internal.sqlscript.ParserSqlScript -- Found statement at line 4: -- The relationship between library dependency sources under .metals/readonly/**
-- and build targets they belong to. Required to know what classpath to use
-- for compiling dependency sources.
create table dependency_source(
  text_document_uri varchar primary key,
  build_target_uri varchar not null
)
14:55:01.665 [pool-1-thread-1] DEBUG org.flywaydb.core.internal.sqlscript.ParserSqlScript -- Found statement at line 12: -- The relationship between library dependency sources under .metals/readonly/**
-- and worksheets they belong to. Required to know what classpath to use
-- for compiling dependency sources.
create table worksheet_dependency_source(
  text_document_uri varchar primary key,
  worksheet_uri varchar not null
)
14:55:01.666 [pool-1-thread-1] DEBUG org.flywaydb.core.internal.sqlscript.ParserSqlScript -- Found statement at line 19: -- The relationship between what library dependency sources under .metals/readonly/**
-- map to which build targets.
create table sbt_digest(
  md5 varchar,
  status tinyint not null,
  when_recorded timestamp
)
14:55:01.666 [pool-1-thread-1] DEBUG org.flywaydb.core.internal.sqlscript.ParserSqlScript -- Found statement at line 27: -- Which window/showMessage and window/showMessageRequest dialogues have been dismissed
-- by the user via "Don't show again" or closed by clicking on "x".
create table dismissed_notification(
  id int,
  when_dismissed timestamp,
  when_expires timestamp
)
14:55:01.666 [pool-1-thread-1] DEBUG org.flywaydb.core.internal.sqlscript.ParserSqlScript -- Found statement at line 34: -- The choice of build tool when multiple build tool files are found in a workspace
create table chosen_build_tool(
  build_tool varchar primary key
)
14:55:01.667 [pool-1-thread-1] DEBUG org.flywaydb.core.internal.command.DbMigrate -- Starting migration of schema "PUBLIC" to version "1 - Create tables" ...
14:55:01.668 [pool-1-thread-1] INFO org.flywaydb.core.internal.command.DbMigrate -- Migrating schema "PUBLIC" to version "1 - Create tables"
14:55:01.668 [pool-1-thread-1] DEBUG org.flywaydb.core.internal.sqlscript.DefaultSqlScriptExecutor -- Executing SQL: -- The relationship between library dependency sources under .metals/readonly/**
-- and build targets they belong to. Required to know what classpath to use
-- for compiling dependency sources.
create table dependency_source(
  text_document_uri varchar primary key,
  build_target_uri varchar not null
)
14:55:01.670 [pool-1-thread-1] DEBUG org.flywaydb.core.internal.sqlscript.DefaultSqlScriptExecutor -- 0 rows affected
14:55:01.670 [pool-1-thread-1] DEBUG org.flywaydb.core.internal.sqlscript.DefaultSqlScriptExecutor -- Executing SQL: -- The relationship between library dependency sources under .metals/readonly/**
-- and worksheets they belong to. Required to know what classpath to use
-- for compiling dependency sources.
create table worksheet_dependency_source(
  text_document_uri varchar primary key,
  worksheet_uri varchar not null
)
14:55:01.671 [pool-1-thread-1] DEBUG org.flywaydb.core.internal.sqlscript.DefaultSqlScriptExecutor -- 0 rows affected
14:55:01.671 [pool-1-thread-1] DEBUG org.flywaydb.core.internal.sqlscript.DefaultSqlScriptExecutor -- Executing SQL: -- The relationship between what library dependency sources under .metals/readonly/**
-- map to which build targets.
create table sbt_digest(
  md5 varchar,
  status tinyint not null,
  when_recorded timestamp
)
14:55:01.671 [pool-1-thread-1] DEBUG org.flywaydb.core.internal.sqlscript.DefaultSqlScriptExecutor -- 0 rows affected
14:55:01.671 [pool-1-thread-1] DEBUG org.flywaydb.core.internal.sqlscript.DefaultSqlScriptExecutor -- Executing SQL: -- Which window/showMessage and window/showMessageRequest dialogues have been dismissed
-- by the user via "Don't show again" or closed by clicking on "x".
create table dismissed_notification(
  id int,
  when_dismissed timestamp,
  when_expires timestamp
)
14:55:01.672 [pool-1-thread-1] DEBUG org.flywaydb.core.internal.sqlscript.DefaultSqlScriptExecutor -- 0 rows affected
14:55:01.672 [pool-1-thread-1] DEBUG org.flywaydb.core.internal.sqlscript.DefaultSqlScriptExecutor -- Executing SQL: -- The choice of build tool when multiple build tool files are found in a workspace
create table chosen_build_tool(
  build_tool varchar primary key
)
14:55:01.673 [pool-1-thread-1] DEBUG org.flywaydb.core.internal.sqlscript.DefaultSqlScriptExecutor -- 0 rows affected
14:55:01.673 [pool-1-thread-1] DEBUG org.flywaydb.core.internal.command.DbMigrate -- Successfully completed migration of schema "PUBLIC" to version "1 - Create tables"
14:55:01.675 [pool-1-thread-1] DEBUG org.flywaydb.core.internal.schemahistory.JdbcTableSchemaHistory -- Schema History table "PUBLIC"."flyway_schema_history" successfully updated to reflect changes
14:55:01.678 [pool-1-thread-1] DEBUG org.flywaydb.core.internal.parser.Parser -- Parsing V2__Server_discovery.sql ...
14:55:01.680 [pool-1-thread-1] DEBUG org.flywaydb.core.internal.sqlscript.ParserSqlScript -- Found statement at line 4: -- For each unique combination of installed build servers we select one server.
-- The md5 checksum is computed from the names of the installed build servers, and
-- the selected server is the server which the user chose for this workspace.
create table chosen_build_server(
  md5 varchar primary key,
  selected_server varchar,
  when_recorded timestamp
)
14:55:01.680 [pool-1-thread-1] DEBUG org.flywaydb.core.internal.command.DbMigrate -- Starting migration of schema "PUBLIC" to version "2 - Server discovery" ...
14:55:01.681 [pool-1-thread-1] INFO org.flywaydb.core.internal.command.DbMigrate -- Migrating schema "PUBLIC" to version "2 - Server discovery"
14:55:01.681 [pool-1-thread-1] DEBUG org.flywaydb.core.internal.sqlscript.DefaultSqlScriptExecutor -- Executing SQL: -- For each unique combination of installed build servers we select one server.
-- The md5 checksum is computed from the names of the installed build servers, and
-- the selected server is the server which the user chose for this workspace.
create table chosen_build_server(
  md5 varchar primary key,
  selected_server varchar,
  when_recorded timestamp
)
14:55:01.682 [pool-1-thread-1] DEBUG org.flywaydb.core.internal.sqlscript.DefaultSqlScriptExecutor -- 0 rows affected
14:55:01.682 [pool-1-thread-1] DEBUG org.flywaydb.core.internal.command.DbMigrate -- Successfully completed migration of schema "PUBLIC" to version "2 - Server discovery"
14:55:01.683 [pool-1-thread-1] DEBUG org.flywaydb.core.internal.schemahistory.JdbcTableSchemaHistory -- Schema History table "PUBLIC"."flyway_schema_history" successfully updated to reflect changes
14:55:01.685 [pool-1-thread-1] DEBUG org.flywaydb.core.internal.parser.Parser -- Parsing V3__Jar_symbols.sql ...
14:55:01.686 [pool-1-thread-1] DEBUG org.flywaydb.core.internal.sqlscript.ParserSqlScript -- Found statement at line 2: -- Indexed jars, the MD5 digest of path, modified time and size as key
create table indexed_jar(
  id int auto_increment unique,
  md5 varchar primary key
)
14:55:01.686 [pool-1-thread-1] DEBUG org.flywaydb.core.internal.sqlscript.ParserSqlScript -- Found statement at line 7: -- Top Level Symbols per jar, allow for multiple jars with same symbols and paths
create table toplevel_symbol(
  symbol varchar not null,
  path varchar not null,
  jar int,
  foreign key (jar) references indexed_jar (id) on delete cascade,
  primary key (jar, path, symbol)
)
14:55:01.687 [pool-1-thread-1] DEBUG org.flywaydb.core.internal.sqlscript.ParserSqlScript -- Found statement at line 15: -- Create index to speedup lookup of jar symbols
create index toplevel_symbol_jar on toplevel_symbol(jar)
14:55:01.687 [pool-1-thread-1] DEBUG org.flywaydb.core.internal.command.DbMigrate -- Starting migration of schema "PUBLIC" to version "3 - Jar symbols" ...
14:55:01.688 [pool-1-thread-1] INFO org.flywaydb.core.internal.command.DbMigrate -- Migrating schema "PUBLIC" to version "3 - Jar symbols"
14:55:01.688 [pool-1-thread-1] DEBUG org.flywaydb.core.internal.sqlscript.DefaultSqlScriptExecutor -- Executing SQL: -- Indexed jars, the MD5 digest of path, modified time and size as key
create table indexed_jar(
  id int auto_increment unique,
  md5 varchar primary key
)
14:55:01.692 [pool-1-thread-1] DEBUG org.flywaydb.core.internal.sqlscript.DefaultSqlScriptExecutor -- 0 rows affected
14:55:01.692 [pool-1-thread-1] DEBUG org.flywaydb.core.internal.sqlscript.DefaultSqlScriptExecutor -- Executing SQL: -- Top Level Symbols per jar, allow for multiple jars with same symbols and paths
create table toplevel_symbol(
  symbol varchar not null,
  path varchar not null,
  jar int,
  foreign key (jar) references indexed_jar (id) on delete cascade,
  primary key (jar, path, symbol)
)
14:55:01.695 [pool-1-thread-1] DEBUG org.flywaydb.core.internal.sqlscript.DefaultSqlScriptExecutor -- 0 rows affected
14:55:01.695 [pool-1-thread-1] DEBUG org.flywaydb.core.internal.sqlscript.DefaultSqlScriptExecutor -- Executing SQL: -- Create index to speedup lookup of jar symbols
create index toplevel_symbol_jar on toplevel_symbol(jar)
14:55:01.696 [pool-1-thread-1] DEBUG org.flywaydb.core.internal.sqlscript.DefaultSqlScriptExecutor -- 0 rows affected
14:55:01.696 [pool-1-thread-1] DEBUG org.flywaydb.core.internal.command.DbMigrate -- Successfully completed migration of schema "PUBLIC" to version "3 - Jar symbols"
14:55:01.698 [pool-1-thread-1] DEBUG org.flywaydb.core.internal.schemahistory.JdbcTableSchemaHistory -- Schema History table "PUBLIC"."flyway_schema_history" successfully updated to reflect changes
14:55:01.699 [pool-1-thread-1] DEBUG org.flywaydb.core.internal.parser.Parser -- Parsing V4__Fingerprints.sql ...
14:55:01.700 [pool-1-thread-1] DEBUG org.flywaydb.core.internal.sqlscript.ParserSqlScript -- Found statement at line 2: -- Fingerprints saved between invocations
create table fingerprints(
  path varchar not null,
  text varchar not null,
  md5 varchar not null,
  id int auto_increment unique
)
14:55:01.700 [pool-1-thread-1] DEBUG org.flywaydb.core.internal.command.DbMigrate -- Starting migration of schema "PUBLIC" to version "4 - Fingerprints" ...
14:55:01.700 [pool-1-thread-1] INFO org.flywaydb.core.internal.command.DbMigrate -- Migrating schema "PUBLIC" to version "4 - Fingerprints"
14:55:01.700 [pool-1-thread-1] DEBUG org.flywaydb.core.internal.sqlscript.DefaultSqlScriptExecutor -- Executing SQL: -- Fingerprints saved between invocations
create table fingerprints(
  path varchar not null,
  text varchar not null,
  md5 varchar not null,
  id int auto_increment unique
)
14:55:01.701 [pool-1-thread-1] DEBUG org.flywaydb.core.internal.sqlscript.DefaultSqlScriptExecutor -- 0 rows affected
14:55:01.701 [pool-1-thread-1] DEBUG org.flywaydb.core.internal.command.DbMigrate -- Successfully completed migration of schema "PUBLIC" to version "4 - Fingerprints"
14:55:01.702 [pool-1-thread-1] DEBUG org.flywaydb.core.internal.schemahistory.JdbcTableSchemaHistory -- Schema History table "PUBLIC"."flyway_schema_history" successfully updated to reflect changes
14:55:01.705 [pool-1-thread-1] INFO org.flywaydb.core.internal.command.DbMigrate -- Successfully applied 4 migrations to schema "PUBLIC", now at version v4 (execution time 00:00.016s)
14:55:01.714 [pool-1-thread-1] DEBUG org.flywaydb.core.FlywayExecutor -- Memory usage: 36 of 100M
2024.02.08 14:55:01 WARN  Build server is not auto-connectable.[0m
2024.02.08 14:55:05 INFO  no build target found for /home/btchinianga/linux_workspace/Formation_scala/new_project/training/src/main/scala/traits.sc. Using presentation compiler with project's scala-library version: 3.3.1[0m
2024.02.08 14:55:06 INFO  time: code lens generation in 2.72s[0m
2024.02.08 14:55:06 WARN  no build target for: /home/btchinianga/linux_workspace/Formation_scala/new_project/training/src/main/scala/traits.sc[0m
2024.02.08 14:55:10 INFO  running '/home/btchinianga/.local/share/coursier/bin/sbt -Dbloop.export-jar-classifiers=sources bloopInstall'[0m
2024.02.08 14:55:11 INFO  [info] welcome to sbt 1.9.8 (Eclipse Adoptium Java 11.0.22)[0m
2024.02.08 14:55:13 INFO  [info] loading settings for project training-build-build from metals.sbt ...[0m
2024.02.08 14:55:13 INFO  [info] loading project definition from /home/btchinianga/linux_workspace/Formation_scala/new_project/training/project/project[0m
2024.02.08 14:55:15 INFO  [info] loading settings for project training-build from metals.sbt ...[0m
2024.02.08 14:55:15 INFO  [info] loading project definition from /home/btchinianga/linux_workspace/Formation_scala/new_project/training/project[0m
2024.02.08 14:55:17 INFO  [success] Generated .bloop/training-build.json[0m
2024.02.08 14:55:17 INFO  [success] Total time: 2 s, completed Feb 8, 2024, 2:55:17 PM[0m
2024.02.08 14:55:17 INFO  [info] loading settings for project root from build.sbt ...[0m
2024.02.08 14:55:17 INFO  [info] set current project to Training (in build file:/home/btchinianga/linux_workspace/Formation_scala/new_project/training/)[0m
2024.02.08 14:55:19 INFO  [success] Generated .bloop/root-test.json[0m
2024.02.08 14:55:19 INFO  [success] Generated .bloop/root.json[0m
2024.02.08 14:55:19 INFO  [success] Total time: 1 s, completed Feb 8, 2024, 2:55:19 PM[0m
2024.02.08 14:55:19 INFO  time: ran 'sbt bloopInstall' in 9.12s[0m
2024.02.08 14:55:19 INFO  Attempting to connect to the build server...[0m
2024.02.08 14:55:19 INFO  Bloop uses /home/btchinianga/.jabba/jdk/openjdk@1.17.0 defined at /home/btchinianga/.bloop/bloop.json[0m
2024.02.08 14:55:19 INFO  tracing is disabled for protocol BSP, to enable tracing of incoming and outgoing JSON messages create an empty file at /home/btchinianga/linux_workspace/Formation_scala/new_project/.metals/bsp.trace.json or /home/btchinianga/.cache/metals/bsp.trace.json[0m
2024.02.08 14:55:19 INFO  time: Connected to build server in 0.18s[0m
2024.02.08 14:55:19 INFO  Connected to Build server: Bloop v1.5.15[0m
2024.02.08 14:55:22 INFO  time: indexed workspace in 2.44s[0m
2024.02.08 14:55:22 INFO  compiling root (1 scala source)[0m
2024.02.08 14:55:24 INFO  compiling root-test (1 scala source)[0m
2024.02.08 14:55:24 INFO  time: compiled root in 2.59s[0m
2024.02.08 14:55:24 INFO  time: compiled root-test in 0.75s[0m
[31merror[39m: training/src/main/scala/trait.worksheet.sc:24:5: 
Not found: someShare
    someShare match
    ^^^^^^^^^
[31merror[39m: training/src/main/scala/trait.worksheet.sc:25:41: 
Not found: width
        case Rectangle(width,height) => width * height
                                        ^^^^^
[31merror[39m: training/src/main/scala/trait.worksheet.sc:26:41: 
Not found: radius
        case Circle(radius)          => radius * radius * 3.14
                                        ^^^^^^
2024.02.08 15:10:42 INFO  time: evaluated worksheet 'trait.worksheet.sc' in 4.12s[0m
[31merror[39m: training/src/main/scala/trait.worksheet.sc:24:5: 
Not found: someShape
    someShape match
    ^^^^^^^^^
[31merror[39m: training/src/main/scala/trait.worksheet.sc:25:41: 
Not found: width
        case Rectangle(width,height) => width * height
                                        ^^^^^
[31merror[39m: training/src/main/scala/trait.worksheet.sc:26:41: 
Not found: radius
        case Circle(radius)          => radius * radius * 3.14
                                        ^^^^^^
2024.02.08 15:11:14 INFO  time: evaluated worksheet 'trait.worksheet.sc' in 0.24s[0m
2024.02.08 15:14:57 INFO  time: evaluated worksheet 'trait.worksheet.sc' in 1.56s[0m
2024.02.08 15:18:13 INFO  time: evaluated worksheet 'enum.worksheet.sc' in 0.17s[0m
2024.02.08 15:18:13 INFO  time: evaluated worksheet 'enum.worksheet.sc' in 0.17s[0m
2024.02.08 15:18:13 INFO  time: evaluated worksheet 'enum.worksheet.sc' in 0.28s[0m
2024.02.08 15:26:24 INFO  time: evaluated worksheet 'enum.worksheet.sc' in 0.75s[0m
2024.02.08 15:26:55 INFO  time: evaluated worksheet 'enum.worksheet.sc' in 0.42s[0m
2024.02.08 15:53:06 INFO  Shutting down server[0m
2024.02.08 15:53:06 INFO  shutting down Metals[0m
2024.02.08 15:53:06 INFO  Shut down connection with build server.[0m
2024.02.08 15:53:06 INFO  Exiting server[0m
2024.02.13 09:45:09 INFO  Started: Metals version 1.2.1 in folders '/home/btchinianga/linux_workspace/Formation_scala/new_project' for client Visual Studio Code 1.86.1.[0m
09:45:09.763 [pool-1-thread-1] INFO org.flywaydb.core.internal.license.VersionPrinter -- Flyway Community Edition 9.22.3 by Redgate
09:45:09.765 [pool-1-thread-1] INFO org.flywaydb.core.internal.license.VersionPrinter -- See release notes here: https://rd.gt/416ObMi
09:45:09.765 [pool-1-thread-1] INFO org.flywaydb.core.internal.license.VersionPrinter -- 
09:45:09.768 [pool-1-thread-1] DEBUG org.flywaydb.core.internal.scanner.classpath.ClassPathScanner -- Scanning for classpath resources at 'classpath:db/callback' ...
09:45:09.768 [pool-1-thread-1] DEBUG org.flywaydb.core.internal.scanner.classpath.ClassPathScanner -- Determining location urls for classpath:db/callback using ClassLoader jdk.internal.loader.ClassLoaders$AppClassLoader@5cb0d902 ...
09:45:09.768 [pool-1-thread-1] DEBUG org.flywaydb.core.internal.scanner.classpath.ClassPathScanner -- Unable to resolve location classpath:db/callback.
09:45:09.768 [pool-1-thread-1] DEBUG org.flywaydb.core.internal.scanner.classpath.ClassPathScanner -- Scanning for classpath resources at 'classpath:db/migration' ...
09:45:09.768 [pool-1-thread-1] DEBUG org.flywaydb.core.internal.scanner.classpath.ClassPathScanner -- Determining location urls for classpath:db/migration using ClassLoader jdk.internal.loader.ClassLoaders$AppClassLoader@5cb0d902 ...
09:45:09.769 [pool-1-thread-1] DEBUG org.flywaydb.core.internal.scanner.classpath.ClassPathScanner -- Scanning URL: jar:file:/home/btchinianga/.cache/coursier/v1/https/repo1.maven.org/maven2/org/scalameta/metals_2.13/1.2.1/metals_2.13-1.2.1.jar!/db/migration
09:45:09.770 [pool-1-thread-1] DEBUG org.flywaydb.core.internal.scanner.classpath.ClassPathScanner -- Found resource: db/migration/
09:45:09.771 [pool-1-thread-1] DEBUG org.flywaydb.core.internal.scanner.classpath.ClassPathScanner -- Found resource: db/migration/V1__Create_tables.sql
09:45:09.771 [pool-1-thread-1] DEBUG org.flywaydb.core.internal.scanner.classpath.ClassPathScanner -- Found resource: db/migration/V2__Server_discovery.sql
09:45:09.771 [pool-1-thread-1] DEBUG org.flywaydb.core.internal.scanner.classpath.ClassPathScanner -- Found resource: db/migration/V3__Jar_symbols.sql
09:45:09.773 [pool-1-thread-1] DEBUG org.flywaydb.core.internal.scanner.classpath.ClassPathScanner -- Found resource: db/migration/V4__Fingerprints.sql
09:45:09.773 [pool-1-thread-1] DEBUG org.flywaydb.core.internal.scanner.classpath.ClassPathScanner -- Scanning for classes at classpath:db/migration
09:45:09.777 [pool-1-thread-1] DEBUG org.flywaydb.core.internal.scanner.Scanner -- Filtering out resource: db/migration/ (filename: )
09:45:09.777 [pool-1-thread-1] DEBUG org.flywaydb.core.internal.resource.ResourceNameValidator -- Validating V4__Fingerprints.sql
09:45:09.778 [pool-1-thread-1] DEBUG org.flywaydb.core.internal.resource.ResourceNameValidator -- Validating V1__Create_tables.sql
09:45:09.778 [pool-1-thread-1] DEBUG org.flywaydb.core.internal.resource.ResourceNameValidator -- Validating V2__Server_discovery.sql
09:45:09.778 [pool-1-thread-1] DEBUG org.flywaydb.core.internal.resource.ResourceNameValidator -- Validating V3__Jar_symbols.sql
09:45:09.862 [pool-1-thread-1] INFO org.flywaydb.core.FlywayExecutor -- Database: jdbc:h2:file:/home/btchinianga/linux_workspace/Formation_scala/new_project/.metals/metals (H2 2.2)
09:45:09.862 [pool-1-thread-1] DEBUG org.flywaydb.core.FlywayExecutor -- Driver: H2 JDBC Driver 2.2.224 (2023-09-17)
09:45:09.862 [pool-1-thread-1] DEBUG org.flywaydb.core.FlywayExecutor -- DDL Transactions Supported: false
09:45:09.863 [pool-1-thread-1] DEBUG org.flywaydb.core.internal.schemahistory.SchemaHistoryFactory -- Schemas: 
09:45:09.863 [pool-1-thread-1] DEBUG org.flywaydb.core.internal.schemahistory.SchemaHistoryFactory -- Default schema: null
09:45:09.867 [pool-1-thread-1] WARN org.flywaydb.core.internal.database.base.Database -- Flyway upgrade recommended: H2 2.2.224 is newer than this version of Flyway and support has not been tested. The latest supported version of H2 is 2.2.220.
09:45:09.869 [pool-1-thread-1] DEBUG org.flywaydb.core.internal.callback.SqlScriptCallbackFactory -- Scanning for SQL callbacks ...
09:45:09.869 [pool-1-thread-1] DEBUG org.flywaydb.core.internal.scanner.Scanner -- Filtering out resource: db/migration/ (filename: )
09:45:09.875 [pool-1-thread-1] DEBUG org.flywaydb.core.internal.command.DbValidate -- Validating migrations ...
09:45:09.880 [pool-1-thread-1] DEBUG org.flywaydb.core.internal.scanner.Scanner -- Filtering out resource: db/migration/ (filename: )
09:45:09.886 [pool-1-thread-1] DEBUG org.flywaydb.core.internal.scanner.Scanner -- Filtering out resource: db/migration/V4__Fingerprints.sql (filename: V4__Fingerprints.sql)
09:45:09.886 [pool-1-thread-1] DEBUG org.flywaydb.core.internal.scanner.Scanner -- Filtering out resource: db/migration/V1__Create_tables.sql (filename: V1__Create_tables.sql)
09:45:09.886 [pool-1-thread-1] DEBUG org.flywaydb.core.internal.scanner.Scanner -- Filtering out resource: db/migration/V2__Server_discovery.sql (filename: V2__Server_discovery.sql)
09:45:09.886 [pool-1-thread-1] DEBUG org.flywaydb.core.internal.scanner.Scanner -- Filtering out resource: db/migration/V3__Jar_symbols.sql (filename: V3__Jar_symbols.sql)
09:45:09.886 [pool-1-thread-1] DEBUG org.flywaydb.core.internal.scanner.Scanner -- Filtering out resource: db/migration/ (filename: )
09:45:09.887 [pool-1-thread-1] DEBUG org.flywaydb.core.internal.scanner.Scanner -- Filtering out resource: db/migration/V4__Fingerprints.sql (filename: V4__Fingerprints.sql)
09:45:09.888 [pool-1-thread-1] DEBUG org.flywaydb.core.internal.scanner.Scanner -- Filtering out resource: db/migration/V1__Create_tables.sql (filename: V1__Create_tables.sql)
09:45:09.888 [pool-1-thread-1] DEBUG org.flywaydb.core.internal.scanner.Scanner -- Filtering out resource: db/migration/V2__Server_discovery.sql (filename: V2__Server_discovery.sql)
09:45:09.888 [pool-1-thread-1] DEBUG org.flywaydb.core.internal.scanner.Scanner -- Filtering out resource: db/migration/V3__Jar_symbols.sql (filename: V3__Jar_symbols.sql)
09:45:09.888 [pool-1-thread-1] DEBUG org.flywaydb.core.internal.scanner.Scanner -- Filtering out resource: db/migration/ (filename: )
09:45:09.897 [pool-1-thread-1] INFO org.flywaydb.core.internal.command.DbValidate -- Successfully validated 4 migrations (execution time 00:00.020s)
09:45:09.899 [pool-1-thread-1] DEBUG org.flywaydb.core.internal.command.DbSchemas -- Skipping creation of existing schema: "PUBLIC"
09:45:09.904 [pool-1-thread-1] INFO org.flywaydb.core.internal.command.DbMigrate -- Current version of schema "PUBLIC": 4
09:45:09.908 [pool-1-thread-1] INFO org.flywaydb.core.internal.command.DbMigrate -- Schema "PUBLIC" is up to date. No migration necessary.
09:45:09.916 [pool-1-thread-1] DEBUG org.flywaydb.core.FlywayExecutor -- Memory usage: 35 of 100M
2024.02.13 09:45:10 WARN  Build server is not auto-connectable.[0m
2024.02.13 09:45:10 WARN  no build target for: /home/btchinianga/linux_workspace/Formation_scala/new_project/training/src/main/scala/trait.worksheet.sc[0m
2024.02.13 09:45:10 WARN  no build target for: /home/btchinianga/linux_workspace/Formation_scala/new_project/training/src/main/scala/enum.worksheet.sc[0m
2024.02.13 09:45:15 INFO  time: evaluated worksheet 'trait.worksheet.sc' in 5.52s[0m
2024.02.13 09:45:16 INFO  no build target found for /home/btchinianga/linux_workspace/Formation_scala/new_project/training/src/main/scala/enum.worksheet.sc. Using presentation compiler with project's scala-library version: 3.3.1[0m
2024.02.13 09:45:19 INFO  time: code lens generation in 8.4s[0m
2024.02.13 09:45:19 INFO  no build target found for /home/btchinianga/linux_workspace/Formation_scala/new_project/training/src/main/scala/trait.worksheet.sc. Using presentation compiler with project's scala-library version: 3.3.1[0m
2024.02.13 09:45:19 INFO  running '/home/btchinianga/.local/share/coursier/bin/sbt -Dbloop.export-jar-classifiers=sources bloopInstall'[0m
2024.02.13 09:45:21 INFO  [info] welcome to sbt 1.9.8 (Eclipse Adoptium Java 11.0.22)[0m
2024.02.13 09:45:23 INFO  [info] loading settings for project root--c-build-build from metals.sbt ...[0m
2024.02.13 09:45:23 INFO  [info] loading project definition from /home/btchinianga/linux_workspace/Formation_scala/new_project/^c/project/project[0m
2024.02.13 09:45:25 INFO  [info] loading settings for project root--c-build from metals.sbt ...[0m
2024.02.13 09:45:25 INFO  [info] loading project definition from /home/btchinianga/linux_workspace/Formation_scala/new_project/^c/project[0m
2024.02.13 09:45:27 INFO  [success] Generated .bloop/root--c-build.json[0m
2024.02.13 09:45:27 INFO  [success] Total time: 1 s, completed Feb 13, 2024, 9:45:27 AM[0m
2024.02.13 09:45:27 INFO  [info] loading settings for project root from build.sbt ...[0m
2024.02.13 09:45:27 INFO  [info] set current project to ^c (in build file:/home/btchinianga/linux_workspace/Formation_scala/new_project/%5Ec/)[0m
2024.02.13 09:45:28 INFO  [success] Generated .bloop/root-test.json[0m
2024.02.13 09:45:28 INFO  [success] Generated .bloop/root.json[0m
2024.02.13 09:45:28 INFO  [success] Total time: 0 s, completed Feb 13, 2024, 9:45:28 AM[0m
2024.02.13 09:45:29 INFO  time: ran 'sbt bloopInstall' in 9.36s[0m
2024.02.13 09:45:29 INFO  Attempting to connect to the build server...[0m
2024.02.13 09:45:29 INFO  Bloop uses /home/btchinianga/.jabba/jdk/openjdk@1.17.0 defined at /home/btchinianga/.bloop/bloop.json[0m
2024.02.13 09:45:30 INFO  tracing is disabled for protocol BSP, to enable tracing of incoming and outgoing JSON messages create an empty file at /home/btchinianga/linux_workspace/Formation_scala/new_project/.metals/bsp.trace.json or /home/btchinianga/.cache/metals/bsp.trace.json[0m
2024.02.13 09:45:30 INFO  time: Connected to build server in 1.89s[0m
2024.02.13 09:45:30 INFO  Connected to Build server: Bloop v1.5.15[0m
2024.02.13 09:45:30 INFO  time: Imported build in 0.12s[0m
2024.02.13 09:45:32 INFO  time: indexed workspace in 1.19s[0m
2024.02.13 09:45:32 WARN  no build target for: /home/btchinianga/linux_workspace/Formation_scala/new_project/training/src/main/scala/trait.worksheet.sc[0m
2024.02.13 09:45:32 WARN  no build target for: /home/btchinianga/linux_workspace/Formation_scala/new_project/training/src/main/scala/enum.worksheet.sc[0m
2024.02.13 09:45:33 INFO  time: evaluated worksheet 'trait.worksheet.sc' in 1.05s[0m
2024.02.13 09:45:35 INFO  time: code lens generation in 2.25s[0m
2024.02.13 09:45:35 INFO  no build target found for /home/btchinianga/linux_workspace/Formation_scala/new_project/training/src/main/scala/trait.worksheet.sc. Using presentation compiler with project's scala-library version: 3.3.1[0m
2024.02.13 09:54:29 ERROR Failed to tokenize input for semantic tokens for /home/btchinianga/linux_workspace/Formation_scala/new_project/training/src/main/scala/trait.worksheet.sc
scala.meta.tokenizers.TokenizeException: <input>:36: error: unclosed string interpolation
          s"subscribed to channel $"
            ^
	at scala.meta.internal.tokenizers.Reporter.syntaxError(Reporter.scala:23)
	at scala.meta.internal.tokenizers.Reporter.syntaxError$(Reporter.scala:23)
	at scala.meta.internal.tokenizers.Reporter$$anon$1.syntaxError(Reporter.scala:33)
	at scala.meta.internal.tokenizers.Reporter.syntaxError(Reporter.scala:25)
	at scala.meta.internal.tokenizers.Reporter.syntaxError$(Reporter.scala:25)
	at scala.meta.internal.tokenizers.Reporter$$anon$1.syntaxError(Reporter.scala:33)
	at scala.meta.internal.tokenizers.LegacyScanner.getStringPart(LegacyScanner.scala:659)
	at scala.meta.internal.tokenizers.LegacyScanner.fetchDoubleQuote$1(LegacyScanner.scala:357)
	at scala.meta.internal.tokenizers.LegacyScanner.fetchToken(LegacyScanner.scala:376)
	at scala.meta.internal.tokenizers.LegacyScanner.nextToken(LegacyScanner.scala:211)
	at scala.meta.internal.tokenizers.LegacyScanner.foreach(LegacyScanner.scala:1011)
	at scala.meta.internal.tokenizers.ScalametaTokenizer.uncachedTokenize(ScalametaTokenizer.scala:24)
	at scala.meta.internal.tokenizers.ScalametaTokenizer.$anonfun$tokenize$1(ScalametaTokenizer.scala:17)
	at scala.collection.concurrent.TrieMap.getOrElseUpdate(TrieMap.scala:962)
	at scala.meta.internal.tokenizers.ScalametaTokenizer.tokenize(ScalametaTokenizer.scala:17)
	at scala.meta.internal.tokenizers.ScalametaTokenizer$$anon$2.apply(ScalametaTokenizer.scala:332)
	at scala.meta.tokenizers.Api$XtensionTokenizeDialectInput.tokenize(Api.scala:25)
	at scala.meta.tokenizers.Api$XtensionTokenizeInputLike.tokenize(Api.scala:14)
	at scala.meta.internal.metals.SemanticTokensProvider$.getTokens(SemanticTokensProvider.scala:28)
	at scala.meta.internal.metals.SemanticTokensProvider$.provide(SemanticTokensProvider.scala:89)
	at scala.meta.internal.metals.Compilers.$anonfun$semanticTokens$3(Compilers.scala:541)
	at scala.concurrent.impl.Promise$Transformation.run(Promise.scala:467)
	at java.util.concurrent.ThreadPoolExecutor.runWorker(ThreadPoolExecutor.java:1136)
	at java.util.concurrent.ThreadPoolExecutor$Worker.run(ThreadPoolExecutor.java:635)
	at java.lang.Thread.run(Thread.java:833)
[0m
2024.02.13 09:55:00 WARN  no build target for: /home/btchinianga/linux_workspace/Formation_scala/new_project/training/src/main/scala/trait.worksheet.sc[0m
2024.02.13 09:55:01 INFO  time: evaluated worksheet 'trait.worksheet.sc' in 0.68s[0m
2024.02.13 09:57:36 WARN  no build target for: /home/btchinianga/linux_workspace/Formation_scala/new_project/training/src/main/scala/trait.worksheet.sc[0m
2024.02.13 09:57:36 INFO  time: evaluated worksheet 'trait.worksheet.sc' in 0.6s[0m
Feb 13, 2024 9:58:32 AM scala.meta.internal.pc.CompilerAccess handleError
SEVERE: A severe compiler error occurred, full details of the error can be found in the error report /home/btchinianga/linux_workspace/Formation_scala/new_project/.metals/.reports/metals-full/2024-02-13/r_compiler-error_(root)_09-58-32-721.md
2024.02.13 09:58:32 WARN  no build target for: /home/btchinianga/linux_workspace/Formation_scala/new_project/training/src/main/scala/trait.worksheet.sc[0m
2024.02.13 09:58:33 INFO  time: evaluated worksheet 'trait.worksheet.sc' in 0.54s[0m
2024.02.13 09:58:50 WARN  no build target for: /home/btchinianga/linux_workspace/Formation_scala/new_project/training/src/main/scala/trait.worksheet.sc[0m
2024.02.13 09:58:51 INFO  time: evaluated worksheet 'trait.worksheet.sc' in 0.45s[0m
2024.02.13 10:01:08 WARN  no build target for: /home/btchinianga/linux_workspace/Formation_scala/new_project/training/src/main/scala/enum.worksheet.sc[0m
2024.02.13 10:01:09 INFO  time: evaluated worksheet 'enum.worksheet.sc' in 0.91s[0m
2024.02.13 10:01:11 INFO  no build target found for /home/btchinianga/linux_workspace/Formation_scala/new_project/training/src/main/scala/enum.worksheet.sc. Using presentation compiler with project's scala-library version: 3.3.1[0m
2024.02.13 10:03:07 INFO  Shutting down server[0m
2024.02.13 10:03:07 INFO  shutting down Metals[0m
2024.02.13 10:03:07 INFO  Shut down connection with build server.[0m
2024.02.13 10:03:07 INFO  Exiting server[0m
