[0m[[0m[0mdebug[0m] [0m[0m> Exec(sbtStashOnFailure, None, None)[0m
[0m[[0m[0mdebug[0m] [0m[0m> Exec(sbtMapExec f452d359-e4dd-48eb-9471-b05b60a0c915 __01f75be3-e520-443c-8045-dd4f57cd5069, None, None)[0m
[0m[[0m[0mdebug[0m] [0m[0m> Exec(compile, Some(__01f75be3-e520-443c-8045-dd4f57cd5069), Some(CommandSource(network-1)))[0m
[0m[[0m[0mdebug[0m] [0m[0munmatched Processing event for requestId Some(__01f75be3-e520-443c-8045-dd4f57cd5069): None[0m
[0m[[0m[0mdebug[0m] [0m[0mEvaluating tasks: Compile / compile[0m
[0m[[0m[0mdebug[0m] [0m[0mRunning task... Cancel: Signal, check cycles: false, forcegc: true[0m
[0m[[0m[0mdebug[0m] [0m[0mjsonRpcNotify: JsonRpcNotificationMessage(2.0, build/taskStart, {"taskId":{"id":"3","parents":[]},"eventTime":1718633718756,"message":"Compiling democracy2","dataKind":"compile-task","data":{"target":{"uri":"file:/home/btchinianga/linux_workspace/Formation_scala/democracy2/#democracy2/Compile"}}})[0m
[0m[[0m[0mdebug[0m] [0m[0mjsonRpcNotify: JsonRpcNotificationMessage(2.0, build/taskFinish, {"taskId":{"id":"3","parents":[]},"eventTime":1718633718762,"message":"Compiled democracy2","status":1,"dataKind":"compile-report","data":{"target":{"uri":"file:/home/btchinianga/linux_workspace/Formation_scala/democracy2/#democracy2/Compile"},"errors":0,"warnings":0,"time":6}})[0m
[0m[[0m[0mdebug[0m] [0m[0mjsonRpcRequest: JsonRpcRequestMessage(2.0, aa8688d7-8c5e-4782-9cdf-df2c2521e29f, sbt/terminalPropertiesQuery, ""})[0m
[0m[[0m[32msuccess[0m] [0m[0mTotal time: 0 s, completed Jun 17, 2024, 4:15:18 PM[0m
[0m[[0m[0mdebug[0m] [0m[0m> Exec(sbtCompleteExec f452d359-e4dd-48eb-9471-b05b60a0c915, None, None)[0m
[0m[[0m[0mdebug[0m] [0m[0m> Exec(resumeFromFailure, None, None)[0m
[0m[[0m[0mdebug[0m] [0m[0m> Exec(sbtPopOnFailure, None, None)[0m
[0m[[0m[0mdebug[0m] [0m[0m> Exec(sbtReportResult f452d359-e4dd-48eb-9471-b05b60a0c915, Some(f452d359-e4dd-48eb-9471-b05b60a0c915), Some(CommandSource(network-1)))[0m
[0m[[0m[0mdebug[0m] [0m[0munmatched Processing event for requestId Some(f452d359-e4dd-48eb-9471-b05b60a0c915): None[0m
[0m[[0m[0mdebug[0m] [0m[0munmatched json response for requestId Some(f452d359-e4dd-48eb-9471-b05b60a0c915): {"status":"Done","channelName":"network-1","execId":"f452d359-e4dd-48eb-9471-b05b60a0c915","commandQueue":["shell"],"exitCode":0}[0m
[0m[[0m[0mdebug[0m] [0m[0m> Exec(shell, None, None)[0m
[0m[[0m[0mdebug[0m] [0m[0mjsonRpcRequest: JsonRpcRequestMessage(2.0, 3802f45b-c93d-4407-83c9-45e979c5f3db, sbt/terminalCapabilities, {"numeric":"max_colors"}})[0m
[0m[[0m[0mdebug[0m] [0m[0mjsonRpcRequest: JsonRpcRequestMessage(2.0, 7d0510e7-419f-4868-9343-d438b8b5dbfa, sbt/terminalCapabilities, {"string":"key_a1"}})[0m
[0m[[0m[0mdebug[0m] [0m[0mjsonRpcRequest: JsonRpcRequestMessage(2.0, 2fb95128-db93-4444-a805-a3a9bf51d94b, sbt/terminalCapabilities, {"string":"key_a3"}})[0m
[0m[[0m[0mdebug[0m] [0m[0mjsonRpcRequest: JsonRpcRequestMessage(2.0, 772984da-3f21-44fd-b7b1-7e4e11aeae46, sbt/terminalCapabilities, {"string":"key_b2"}})[0m
[0m[[0m[0mdebug[0m] [0m[0mjsonRpcRequest: JsonRpcRequestMessage(2.0, 7f7f6a90-5fdf-4b83-90f8-c562f81d0724, sbt/terminalCapabilities, {"string":"key_backspace"}})[0m
[0m[[0m[0mdebug[0m] [0m[0mjsonRpcRequest: JsonRpcRequestMessage(2.0, 48fecc18-1a19-4eb8-b382-d6d40b3c75d5, sbt/terminalCapabilities, {"string":"key_beg"}})[0m
[0m[[0m[0mdebug[0m] [0m[0mjsonRpcRequest: JsonRpcRequestMessage(2.0, 7b6470b0-0f77-458d-97d0-8ecf78bc52db, sbt/terminalCapabilities, {"string":"key_btab"}})[0m
[0m[[0m[0mdebug[0m] [0m[0mjsonRpcRequest: JsonRpcRequestMessage(2.0, 6239210f-7c75-426c-9d47-0946f1a4bb2f, sbt/terminalCapabilities, {"string":"key_c1"}})[0m
[0m[[0m[0mdebug[0m] [0m[0mjsonRpcRequest: JsonRpcRequestMessage(2.0, 34a627e1-7b9f-4934-aa7c-db08df5278e2, sbt/terminalCapabilities, {"string":"key_c3"}})[0m
[0m[[0m[0mdebug[0m] [0m[0mjsonRpcRequest: JsonRpcRequestMessage(2.0, d8ff487f-208c-4988-abe4-60d548efbc8a, sbt/terminalCapabilities, {"string":"key_cancel"}})[0m
[0m[[0m[0mdebug[0m] [0m[0mjsonRpcRequest: JsonRpcRequestMessage(2.0, 899a405a-d3cd-4c7e-97b1-836a33c03f2b, sbt/terminalCapabilities, {"string":"key_catab"}})[0m
[0m[[0m[0mdebug[0m] [0m[0mjsonRpcRequest: JsonRpcRequestMessage(2.0, ab596eb9-737b-487c-8080-21af6132b6c4, sbt/terminalCapabilities, {"string":"key_clear"}})[0m
[0m[[0m[0mdebug[0m] [0m[0mjsonRpcRequest: JsonRpcRequestMessage(2.0, 67a05f36-99cd-4e5c-bc4a-9d21c82de4d0, sbt/terminalCapabilities, {"string":"key_close"}})[0m
[0m[[0m[0mdebug[0m] [0m[0mjsonRpcRequest: JsonRpcRequestMessage(2.0, 13347f45-8314-4112-b21d-2491f5dfcaa1, sbt/terminalCapabilities, {"string":"key_command"}})[0m
[0m[[0m[0mdebug[0m] [0m[0mjsonRpcRequest: JsonRpcRequestMessage(2.0, 37dc2c85-a4d4-49e0-aa1e-4322a9222fb2, sbt/terminalCapabilities, {"string":"key_copy"}})[0m
[0m[[0m[0mdebug[0m] [0m[0mjsonRpcRequest: JsonRpcRequestMessage(2.0, 81d92341-84b2-4b55-bea8-e67ecc44f7f9, sbt/terminalCapabilities, {"string":"key_create"}})[0m
[0m[[0m[0mdebug[0m] [0m[0mjsonRpcRequest: JsonRpcRequestMessage(2.0, 575a4c95-3993-4778-9618-70ee0d687c1b, sbt/terminalCapabilities, {"string":"key_ctab"}})[0m
[0m[[0m[0mdebug[0m] [0m[0mjsonRpcRequest: JsonRpcRequestMessage(2.0, f092c083-f9ea-4c86-a3e3-0ba15df72299, sbt/terminalCapabilities, {"string":"key_dc"}})[0m
[0m[[0m[0mdebug[0m] [0m[0mjsonRpcRequest: JsonRpcRequestMessage(2.0, 02c3db5f-cf47-4127-ade2-7c4844f95782, sbt/terminalCapabilities, {"string":"key_dl"}})[0m
[0m[[0m[0mdebug[0m] [0m[0mjsonRpcRequest: JsonRpcRequestMessage(2.0, 6b8808ac-d897-4136-bab2-24334c190dc0, sbt/terminalCapabilities, {"string":"key_down"}})[0m
[0m[[0m[0mdebug[0m] [0m[0mjsonRpcRequest: JsonRpcRequestMessage(2.0, f7d43d36-ea16-434e-825b-9b6ff5ec38e9, sbt/terminalCapabilities, {"string":"key_eic"}})[0m
[0m[[0m[0mdebug[0m] [0m[0mjsonRpcRequest: JsonRpcRequestMessage(2.0, 37a76379-582a-40be-9afd-6fa82e7b5493, sbt/terminalCapabilities, {"string":"key_end"}})[0m
[0m[[0m[0mdebug[0m] [0m[0mjsonRpcRequest: JsonRpcRequestMessage(2.0, 4d4539b6-c537-4dbb-94c7-47d58f68f5e2, sbt/terminalCapabilities, {"string":"key_enter"}})[0m
[0m[[0m[0mdebug[0m] [0m[0mjsonRpcRequest: JsonRpcRequestMessage(2.0, fba32957-5174-489a-9d14-68df20735d83, sbt/terminalCapabilities, {"string":"key_eol"}})[0m
[0m[[0m[0mdebug[0m] [0m[0mjsonRpcRequest: JsonRpcRequestMessage(2.0, b18a6b75-a2ad-4395-a4de-135629ef9a44, sbt/terminalCapabilities, {"string":"key_eos"}})[0m
[0m[[0m[0mdebug[0m] [0m[0mjsonRpcRequest: JsonRpcRequestMessage(2.0, f063c47e-04be-4222-9176-36126025e302, sbt/terminalCapabilities, {"string":"key_exit"}})[0m
[0m[[0m[0mdebug[0m] [0m[0mjsonRpcRequest: JsonRpcRequestMessage(2.0, 5fb7d886-bac4-4969-8878-afcd412a410f, sbt/terminalCapabilities, {"string":"key_f0"}})[0m
[0m[[0m[0mdebug[0m] [0m[0mjsonRpcRequest: JsonRpcRequestMessage(2.0, 1da8ac88-b97f-46ff-b184-2934655fb9a1, sbt/terminalCapabilities, {"string":"key_f1"}})[0m
[0m[[0m[0mdebug[0m] [0m[0mjsonRpcRequest: JsonRpcRequestMessage(2.0, e6e2e6e5-328a-441c-b28b-7cfee85fe977, sbt/terminalCapabilities, {"string":"key_f10"}})[0m
[0m[[0m[0mdebug[0m] [0m[0mjsonRpcRequest: JsonRpcRequestMessage(2.0, 6cb85e8e-4a58-4e74-ae51-da125cb5f7f6, sbt/terminalCapabilities, {"string":"key_f11"}})[0m
[0m[[0m[0mdebug[0m] [0m[0mjsonRpcRequest: JsonRpcRequestMessage(2.0, 457c7f38-7ec9-4100-882f-b5b907ef43c0, sbt/terminalCapabilities, {"string":"key_f12"}})[0m
[0m[[0m[0mdebug[0m] [0m[0mjsonRpcRequest: JsonRpcRequestMessage(2.0, d5036e67-3e85-4b46-adb8-3a7b2ab6cf55, sbt/terminalCapabilities, {"string":"key_f13"}})[0m
[0m[[0m[0mdebug[0m] [0m[0mjsonRpcRequest: JsonRpcRequestMessage(2.0, cf5cac26-697d-4433-ac6f-8e32452ae393, sbt/terminalCapabilities, {"string":"key_f14"}})[0m
[0m[[0m[0mdebug[0m] [0m[0mjsonRpcRequest: JsonRpcRequestMessage(2.0, 53e0813f-3520-4e6e-9adb-78ae29ae1bc6, sbt/terminalCapabilities, {"string":"key_f15"}})[0m
[0m[[0m[0mdebug[0m] [0m[0mjsonRpcRequest: JsonRpcRequestMessage(2.0, 250bc68d-2e52-48f0-b4ae-b8d74c325372, sbt/terminalCapabilities, {"string":"key_f16"}})[0m
[0m[[0m[0mdebug[0m] [0m[0mjsonRpcRequest: JsonRpcRequestMessage(2.0, 71802dd6-c809-4f67-a8a9-965cbc987f65, sbt/terminalCapabilities, {"string":"key_f17"}})[0m
[0m[[0m[0mdebug[0m] [0m[0mjsonRpcRequest: JsonRpcRequestMessage(2.0, be85f9ea-0517-472a-9e88-4074ec9e3af5, sbt/terminalCapabilities, {"string":"key_f18"}})[0m
[0m[[0m[0mdebug[0m] [0m[0mjsonRpcRequest: JsonRpcRequestMessage(2.0, 8f4b860d-34a0-4e35-b7de-a1d6f4e8b90f, sbt/terminalCapabilities, {"string":"key_f19"}})[0m
[0m[[0m[0mdebug[0m] [0m[0mjsonRpcRequest: JsonRpcRequestMessage(2.0, e2c3ee7d-4eb5-432f-9667-a19f8e0c7776, sbt/terminalCapabilities, {"string":"key_f2"}})[0m
[0m[[0m[0mdebug[0m] [0m[0mjsonRpcRequest: JsonRpcRequestMessage(2.0, b969a7e5-a5e3-4b99-943a-c906d394128f, sbt/terminalCapabilities, {"string":"key_f20"}})[0m
[0m[[0m[0mdebug[0m] [0m[0mjsonRpcRequest: JsonRpcRequestMessage(2.0, a49e6ae6-2eb5-4d6d-8dd2-c87031cb2d66, sbt/terminalCapabilities, {"string":"key_f21"}})[0m
[0m[[0m[0mdebug[0m] [0m[0mjsonRpcRequest: JsonRpcRequestMessage(2.0, e9671531-8467-4e98-8349-b7d1c065d138, sbt/terminalCapabilities, {"string":"key_f22"}})[0m
[0m[[0m[0mdebug[0m] [0m[0mjsonRpcRequest: JsonRpcRequestMessage(2.0, 79dae68a-f771-4b20-88f6-32483cffbf71, sbt/terminalCapabilities, {"string":"key_f23"}})[0m
[0m[[0m[0mdebug[0m] [0m[0mjsonRpcRequest: JsonRpcRequestMessage(2.0, f9724407-13ab-495f-a786-0d31b20fdcc5, sbt/terminalCapabilities, {"string":"key_f24"}})[0m
[0m[[0m[0mdebug[0m] [0m[0mjsonRpcRequest: JsonRpcRequestMessage(2.0, 9e33d774-7261-48cd-9704-2d9039cf4114, sbt/terminalCapabilities, {"string":"key_f25"}})[0m
[0m[[0m[0mdebug[0m] [0m[0mjsonRpcRequest: JsonRpcRequestMessage(2.0, 99763c0c-ddfa-479a-869f-c37d565c6622, sbt/terminalCapabilities, {"string":"key_f26"}})[0m
[0m[[0m[0mdebug[0m] [0m[0mjsonRpcRequest: JsonRpcRequestMessage(2.0, 9f29e8ef-6874-49d8-98d1-75098a695672, sbt/terminalCapabilities, {"string":"key_f27"}})[0m
[0m[[0m[0mdebug[0m] [0m[0mjsonRpcRequest: JsonRpcRequestMessage(2.0, 6fb7194d-f9c8-4358-89e0-e9dc8b11d39a, sbt/terminalCapabilities, {"string":"key_f28"}})[0m
[0m[[0m[0mdebug[0m] [0m[0mjsonRpcRequest: JsonRpcRequestMessage(2.0, 9654827a-07f4-40fe-90c7-324f1c4bcde1, sbt/terminalCapabilities, {"string":"key_f29"}})[0m
[0m[[0m[0mdebug[0m] [0m[0mjsonRpcRequest: JsonRpcRequestMessage(2.0, 718419bb-3744-4db5-87d5-4ba8166c4464, sbt/terminalCapabilities, {"string":"key_f3"}})[0m
[0m[[0m[0mdebug[0m] [0m[0mjsonRpcRequest: JsonRpcRequestMessage(2.0, be7ad676-026e-412c-8456-26c270836a85, sbt/terminalCapabilities, {"string":"key_f30"}})[0m
[0m[[0m[0mdebug[0m] [0m[0mjsonRpcRequest: JsonRpcRequestMessage(2.0, b1bac852-bddb-4aef-bdf0-43da46e683a3, sbt/terminalCapabilities, {"string":"key_f31"}})[0m
[0m[[0m[0mdebug[0m] [0m[0mjsonRpcRequest: JsonRpcRequestMessage(2.0, 52b33416-4e09-48ac-8a68-8d97d984667f, sbt/terminalCapabilities, {"string":"key_f32"}})[0m
[0m[[0m[0mdebug[0m] [0m[0mjsonRpcRequest: JsonRpcRequestMessage(2.0, 994cc18d-7ae4-4937-a10d-7b0b0ccea07c, sbt/terminalCapabilities, {"string":"key_f33"}})[0m
[0m[[0m[0mdebug[0m] [0m[0mjsonRpcRequest: JsonRpcRequestMessage(2.0, f135868e-347d-45b5-968c-ef2fec1f6e48, sbt/terminalCapabilities, {"string":"key_f34"}})[0m
[0m[[0m[0mdebug[0m] [0m[0mjsonRpcRequest: JsonRpcRequestMessage(2.0, 5dd8ea2d-873a-4f70-b4f3-dea5112a3123, sbt/terminalCapabilities, {"string":"key_f35"}})[0m
[0m[[0m[0mdebug[0m] [0m[0mjsonRpcRequest: JsonRpcRequestMessage(2.0, 4fe4bad5-6068-45c1-92c7-d9f1cba4b6df, sbt/terminalCapabilities, {"string":"key_f36"}})[0m
[0m[[0m[0mdebug[0m] [0m[0mjsonRpcRequest: JsonRpcRequestMessage(2.0, 0537e3da-012a-4a7c-96fa-ff76a319af57, sbt/terminalCapabilities, {"string":"key_f37"}})[0m
[0m[[0m[0mdebug[0m] [0m[0mjsonRpcRequest: JsonRpcRequestMessage(2.0, 32237706-1620-486a-8328-c91e3f20113a, sbt/terminalCapabilities, {"string":"key_f38"}})[0m
[0m[[0m[0mdebug[0m] [0m[0mjsonRpcRequest: JsonRpcRequestMessage(2.0, 01f20a4d-4e26-4bb8-9d29-a990facaad90, sbt/terminalCapabilities, {"string":"key_f39"}})[0m
[0m[[0m[0mdebug[0m] [0m[0mjsonRpcRequest: JsonRpcRequestMessage(2.0, f5fa3620-b3ca-42b1-bc15-a0d2611ef061, sbt/terminalCapabilities, {"string":"key_f4"}})[0m
[0m[[0m[0mdebug[0m] [0m[0mjsonRpcRequest: JsonRpcRequestMessage(2.0, f7c70c75-b4fa-443b-a01d-d39497b05bf8, sbt/terminalCapabilities, {"string":"key_f40"}})[0m
[0m[[0m[0mdebug[0m] [0m[0mjsonRpcRequest: JsonRpcRequestMessage(2.0, d8a8e54e-d7ec-4cc8-ac8a-48904b94d046, sbt/terminalCapabilities, {"string":"key_f41"}})[0m
[0m[[0m[0mdebug[0m] [0m[0mjsonRpcRequest: JsonRpcRequestMessage(2.0, 4de7c0d4-43d5-4be3-b219-859b1bc70652, sbt/terminalCapabilities, {"string":"key_f42"}})[0m
[0m[[0m[0mdebug[0m] [0m[0mjsonRpcRequest: JsonRpcRequestMessage(2.0, 7ded0f2e-9c77-494f-a2aa-cfab37e5b504, sbt/terminalCapabilities, {"string":"key_f43"}})[0m
[0m[[0m[0mdebug[0m] [0m[0mjsonRpcRequest: JsonRpcRequestMessage(2.0, 246f54e5-6d17-43f3-89fd-2bc7f903b8c5, sbt/terminalCapabilities, {"string":"key_f44"}})[0m
[0m[[0m[0mdebug[0m] [0m[0mjsonRpcRequest: JsonRpcRequestMessage(2.0, 230d9b05-494f-464d-a694-e3bfb38f5d0e, sbt/terminalCapabilities, {"string":"key_f45"}})[0m
[0m[[0m[0mdebug[0m] [0m[0mjsonRpcRequest: JsonRpcRequestMessage(2.0, f75df15c-d19e-4026-b62e-7929bfa0a3d4, sbt/terminalCapabilities, {"string":"key_f46"}})[0m
[0m[[0m[0mdebug[0m] [0m[0mjsonRpcRequest: JsonRpcRequestMessage(2.0, af6deb6b-db69-467a-b743-e9e5ccb0aacb, sbt/terminalCapabilities, {"string":"key_f47"}})[0m
[0m[[0m[0mdebug[0m] [0m[0mjsonRpcRequest: JsonRpcRequestMessage(2.0, 612f2281-1791-4ef7-b298-8d82d2fa6a69, sbt/terminalCapabilities, {"string":"key_f48"}})[0m
[0m[[0m[0mdebug[0m] [0m[0mjsonRpcRequest: JsonRpcRequestMessage(2.0, 0f054500-5d52-473d-aaa9-e5f737fb315f, sbt/terminalCapabilities, {"string":"key_f49"}})[0m
[0m[[0m[0mdebug[0m] [0m[0mjsonRpcRequest: JsonRpcRequestMessage(2.0, 0ba7dcd8-6d09-4b87-9003-cc0392f3acaf, sbt/terminalCapabilities, {"string":"key_f5"}})[0m
[0m[[0m[0mdebug[0m] [0m[0mjsonRpcRequest: JsonRpcRequestMessage(2.0, a5119343-c4c7-4122-95cd-ec9212ca127d, sbt/terminalCapabilities, {"string":"key_f50"}})[0m
[0m[[0m[0mdebug[0m] [0m[0mjsonRpcRequest: JsonRpcRequestMessage(2.0, fda62a0c-a909-4c18-9535-b847963c7074, sbt/terminalCapabilities, {"string":"key_f51"}})[0m
[0m[[0m[0mdebug[0m] [0m[0mjsonRpcRequest: JsonRpcRequestMessage(2.0, c5197af8-d282-409b-86f4-b8874082f6d8, sbt/terminalCapabilities, {"string":"key_f52"}})[0m
[0m[[0m[0mdebug[0m] [0m[0mjsonRpcRequest: JsonRpcRequestMessage(2.0, f2049f84-e1f0-4dcb-8759-e449674db23f, sbt/terminalCapabilities, {"string":"key_f53"}})[0m
[0m[[0m[0mdebug[0m] [0m[0mjsonRpcRequest: JsonRpcRequestMessage(2.0, f7b41b32-56ac-498c-8a43-c0d2886179be, sbt/terminalCapabilities, {"string":"key_f54"}})[0m
[0m[[0m[0mdebug[0m] [0m[0mjsonRpcRequest: JsonRpcRequestMessage(2.0, 104fa98e-dd4e-4b59-92c0-fa4f6a206a17, sbt/terminalCapabilities, {"string":"key_f55"}})[0m
[0m[[0m[0mdebug[0m] [0m[0mjsonRpcRequest: JsonRpcRequestMessage(2.0, 75d66612-5e5c-48e4-8e43-d5a89561b383, sbt/terminalCapabilities, {"string":"key_f56"}})[0m
[0m[[0m[0mdebug[0m] [0m[0mjsonRpcRequest: JsonRpcRequestMessage(2.0, 05dcefe6-47f3-475b-ac20-173d525c4579, sbt/terminalCapabilities, {"string":"key_f57"}})[0m
[0m[[0m[0mdebug[0m] [0m[0mjsonRpcRequest: JsonRpcRequestMessage(2.0, 7bd261e9-d00c-48cc-aab2-7ebd0fbb6958, sbt/terminalCapabilities, {"string":"key_f58"}})[0m
[0m[[0m[0mdebug[0m] [0m[0mjsonRpcRequest: JsonRpcRequestMessage(2.0, abd56888-592e-4513-9bc1-8ca7bd6f2b1e, sbt/terminalCapabilities, {"string":"key_f59"}})[0m
[0m[[0m[0mdebug[0m] [0m[0mjsonRpcRequest: JsonRpcRequestMessage(2.0, 8898d206-a8b8-4cef-909f-d4e16e916edf, sbt/terminalCapabilities, {"string":"key_f6"}})[0m
[0m[[0m[0mdebug[0m] [0m[0mjsonRpcRequest: JsonRpcRequestMessage(2.0, da6e6f5c-aa79-4a12-b599-68d6d90f5e6c, sbt/terminalCapabilities, {"string":"key_f60"}})[0m
[0m[[0m[0mdebug[0m] [0m[0mjsonRpcRequest: JsonRpcRequestMessage(2.0, 3feb5a14-63cf-4e5c-bf78-49f6b0f220dd, sbt/terminalCapabilities, {"string":"key_f61"}})[0m
[0m[[0m[0mdebug[0m] [0m[0mjsonRpcRequest: JsonRpcRequestMessage(2.0, 34397717-a033-422b-a3c2-e18618eebaf6, sbt/terminalCapabilities, {"string":"key_f62"}})[0m
[0m[[0m[0mdebug[0m] [0m[0mjsonRpcRequest: JsonRpcRequestMessage(2.0, a4a60972-ff56-4c46-ac68-ecd27799a9a1, sbt/terminalCapabilities, {"string":"key_f63"}})[0m
[0m[[0m[0mdebug[0m] [0m[0mjsonRpcRequest: JsonRpcRequestMessage(2.0, 3cae0cfe-560b-4479-bc5c-0f9a3d44950c, sbt/terminalCapabilities, {"string":"key_f7"}})[0m
[0m[[0m[0mdebug[0m] [0m[0mjsonRpcRequest: JsonRpcRequestMessage(2.0, 5a4ca2ba-841a-4990-a769-27ae35b7a5b5, sbt/terminalCapabilities, {"string":"key_f8"}})[0m
[0m[[0m[0mdebug[0m] [0m[0mjsonRpcRequest: JsonRpcRequestMessage(2.0, 956fec1f-41d3-4f45-afe5-0ef21059b5a2, sbt/terminalCapabilities, {"string":"key_f9"}})[0m
[0m[[0m[0mdebug[0m] [0m[0mjsonRpcRequest: JsonRpcRequestMessage(2.0, cd773c44-6708-4284-b3e0-3c18f0766a28, sbt/terminalCapabilities, {"string":"key_find"}})[0m
[0m[[0m[0mdebug[0m] [0m[0mjsonRpcRequest: JsonRpcRequestMessage(2.0, 05257480-f7d5-45f4-b579-5581bb42878b, sbt/terminalCapabilities, {"string":"key_help"}})[0m
[0m[[0m[0mdebug[0m] [0m[0mjsonRpcRequest: JsonRpcRequestMessage(2.0, ca4a46ce-bc7e-4918-b5bf-d321dc393560, sbt/terminalCapabilities, {"string":"key_home"}})[0m
[0m[[0m[0mdebug[0m] [0m[0mjsonRpcRequest: JsonRpcRequestMessage(2.0, 43db25eb-4e24-45be-b1a7-6a113b625ac0, sbt/terminalCapabilities, {"string":"key_ic"}})[0m
[0m[[0m[0mdebug[0m] [0m[0mjsonRpcRequest: JsonRpcRequestMessage(2.0, a4d26198-3522-41d3-bd19-93d7bb52fcc0, sbt/terminalCapabilities, {"string":"key_il"}})[0m
[0m[[0m[0mdebug[0m] [0m[0mjsonRpcRequest: JsonRpcRequestMessage(2.0, 540cdb92-27a8-4b87-b29f-7154de8a2f84, sbt/terminalCapabilities, {"string":"key_left"}})[0m
[0m[[0m[0mdebug[0m] [0m[0mjsonRpcRequest: JsonRpcRequestMessage(2.0, aa307b42-2a9f-4a6c-9707-3af5635cdbab, sbt/terminalCapabilities, {"string":"key_ll"}})[0m
[0m[[0m[0mdebug[0m] [0m[0mjsonRpcRequest: JsonRpcRequestMessage(2.0, 01e5150c-7dcf-4b54-81b1-7182f5d5a15c, sbt/terminalCapabilities, {"string":"key_mark"}})[0m
[0m[[0m[0mdebug[0m] [0m[0mjsonRpcRequest: JsonRpcRequestMessage(2.0, 6f06f362-9458-4ad7-8eb1-3c951ea6dca8, sbt/terminalCapabilities, {"string":"key_message"}})[0m
[0m[[0m[0mdebug[0m] [0m[0mjsonRpcRequest: JsonRpcRequestMessage(2.0, 2a52b562-00aa-4af1-827a-7361f50a399d, sbt/terminalCapabilities, {"string":"key_move"}})[0m
[0m[[0m[0mdebug[0m] [0m[0mjsonRpcRequest: JsonRpcRequestMessage(2.0, 92987e00-360f-40b4-965f-359ae5725447, sbt/terminalCapabilities, {"string":"key_next"}})[0m
[0m[[0m[0mdebug[0m] [0m[0mjsonRpcRequest: JsonRpcRequestMessage(2.0, 8876e46f-20d0-428a-a7d3-304b6a8ad743, sbt/terminalCapabilities, {"string":"key_npage"}})[0m
[0m[[0m[0mdebug[0m] [0m[0mjsonRpcRequest: JsonRpcRequestMessage(2.0, 2ba9ff87-1b46-4241-a489-ca7b5283e75d, sbt/terminalCapabilities, {"string":"key_open"}})[0m
[0m[[0m[0mdebug[0m] [0m[0mjsonRpcRequest: JsonRpcRequestMessage(2.0, de23e904-e522-40e1-a074-5482fee4efe5, sbt/terminalCapabilities, {"string":"key_options"}})[0m
[0m[[0m[0mdebug[0m] [0m[0mjsonRpcRequest: JsonRpcRequestMessage(2.0, 2c7612b7-ba43-481d-a8cf-f0019698a474, sbt/terminalCapabilities, {"string":"key_ppage"}})[0m
[0m[[0m[0mdebug[0m] [0m[0mjsonRpcRequest: JsonRpcRequestMessage(2.0, 2859ad3c-6726-4ee6-a26f-74b083f81466, sbt/terminalCapabilities, {"string":"key_previous"}})[0m
[0m[[0m[0mdebug[0m] [0m[0mjsonRpcRequest: JsonRpcRequestMessage(2.0, 2ae107f8-f2ae-4ff1-a9f1-fa9c4cbb1b24, sbt/terminalCapabilities, {"string":"key_print"}})[0m
[0m[[0m[0mdebug[0m] [0m[0mjsonRpcRequest: JsonRpcRequestMessage(2.0, c63f9e71-4643-4395-8f5d-2b7a8dff736e, sbt/terminalCapabilities, {"string":"key_redo"}})[0m
[0m[[0m[0mdebug[0m] [0m[0mjsonRpcRequest: JsonRpcRequestMessage(2.0, c0997dcb-bc56-4403-b494-c0444941197d, sbt/terminalCapabilities, {"string":"key_reference"}})[0m
[0m[[0m[0mdebug[0m] [0m[0mjsonRpcRequest: JsonRpcRequestMessage(2.0, ccc58732-27d7-4d81-967c-dcbd61a00f3d, sbt/terminalCapabilities, {"string":"key_refresh"}})[0m
[0m[[0m[0mdebug[0m] [0m[0mjsonRpcRequest: JsonRpcRequestMessage(2.0, fe864782-5a68-4520-8fb8-5721f7ae4512, sbt/terminalCapabilities, {"string":"key_replace"}})[0m
[0m[[0m[0mdebug[0m] [0m[0mjsonRpcRequest: JsonRpcRequestMessage(2.0, c907f551-178a-418c-b1b1-c5f764d8ca0e, sbt/terminalCapabilities, {"string":"key_restart"}})[0m
[0m[[0m[0mdebug[0m] [0m[0mjsonRpcRequest: JsonRpcRequestMessage(2.0, 99a2c31b-c3be-4569-91bb-674be582fc76, sbt/terminalCapabilities, {"string":"key_resume"}})[0m
[0m[[0m[0mdebug[0m] [0m[0mjsonRpcRequest: JsonRpcRequestMessage(2.0, ec58fed2-e0ed-4e68-94ea-f8da68e6d726, sbt/terminalCapabilities, {"string":"key_right"}})[0m
[0m[[0m[0mdebug[0m] [0m[0mjsonRpcRequest: JsonRpcRequestMessage(2.0, 921b63da-15aa-445c-8c49-732be04b405f, sbt/terminalCapabilities, {"string":"key_save"}})[0m
[0m[[0m[0mdebug[0m] [0m[0mjsonRpcRequest: JsonRpcRequestMessage(2.0, b6c1ff19-39b1-4ec8-8787-a7013e22e568, sbt/terminalCapabilities, {"string":"key_sbeg"}})[0m
[0m[[0m[0mdebug[0m] [0m[0mjsonRpcRequest: JsonRpcRequestMessage(2.0, 7b61c07f-e594-428c-bb38-78f1361c0326, sbt/terminalCapabilities, {"string":"key_scancel"}})[0m
[0m[[0m[0mdebug[0m] [0m[0mjsonRpcRequest: JsonRpcRequestMessage(2.0, 45c962dc-57dc-4b05-81a0-98f2d9800820, sbt/terminalCapabilities, {"string":"key_scommand"}})[0m
[0m[[0m[0mdebug[0m] [0m[0mjsonRpcRequest: JsonRpcRequestMessage(2.0, 1cf556fb-b3c7-44ba-8595-4137722af59c, sbt/terminalCapabilities, {"string":"key_scopy"}})[0m
[0m[[0m[0mdebug[0m] [0m[0mjsonRpcRequest: JsonRpcRequestMessage(2.0, 92351f8f-deb5-47a0-8140-5dc00fd337ab, sbt/terminalCapabilities, {"string":"key_screate"}})[0m
[0m[[0m[0mdebug[0m] [0m[0mjsonRpcRequest: JsonRpcRequestMessage(2.0, 1b062fb3-aac7-4c3c-ab8c-eddf16d72874, sbt/terminalCapabilities, {"string":"key_sdc"}})[0m
[0m[[0m[0mdebug[0m] [0m[0mjsonRpcRequest: JsonRpcRequestMessage(2.0, 9c40d6d0-7799-4e1f-9c36-cb8d26ab7c33, sbt/terminalCapabilities, {"string":"key_sdl"}})[0m
[0m[[0m[0mdebug[0m] [0m[0mjsonRpcRequest: JsonRpcRequestMessage(2.0, 12dfc2b3-df30-4aca-b16e-951e01778dea, sbt/terminalCapabilities, {"string":"key_select"}})[0m
[0m[[0m[0mdebug[0m] [0m[0mjsonRpcRequest: JsonRpcRequestMessage(2.0, fa687480-34cf-4e5f-bd77-42e4ef2ca6ea, sbt/terminalCapabilities, {"string":"key_send"}})[0m
[0m[[0m[0mdebug[0m] [0m[0mjsonRpcRequest: JsonRpcRequestMessage(2.0, 88f5bc98-03e3-4ffb-981c-7a4e0a8e6b13, sbt/terminalCapabilities, {"string":"key_seol"}})[0m
[0m[[0m[0mdebug[0m] [0m[0mjsonRpcRequest: JsonRpcRequestMessage(2.0, 1e0b182f-d218-40bd-baf1-40e5d1779288, sbt/terminalCapabilities, {"string":"key_sexit"}})[0m
[0m[[0m[0mdebug[0m] [0m[0mjsonRpcRequest: JsonRpcRequestMessage(2.0, 2a6ce6ea-8cb9-412a-82da-859c010f70fd, sbt/terminalCapabilities, {"string":"key_sf"}})[0m
[0m[[0m[0mdebug[0m] [0m[0mjsonRpcRequest: JsonRpcRequestMessage(2.0, f124759b-0c29-4851-a9c8-e33d28796b4f, sbt/terminalCapabilities, {"string":"key_sfind"}})[0m
[0m[[0m[0mdebug[0m] [0m[0mjsonRpcRequest: JsonRpcRequestMessage(2.0, a81f0c3b-f166-4cc6-ae79-d52f458029d6, sbt/terminalCapabilities, {"string":"key_shelp"}})[0m
[0m[[0m[0mdebug[0m] [0m[0mjsonRpcRequest: JsonRpcRequestMessage(2.0, 93b3b055-6244-4bc1-a7db-a4a7aa1e85a7, sbt/terminalCapabilities, {"string":"key_shome"}})[0m
[0m[[0m[0mdebug[0m] [0m[0mjsonRpcRequest: JsonRpcRequestMessage(2.0, f7eb3546-8e40-44cd-89bd-bfaf75f97499, sbt/terminalCapabilities, {"string":"key_sic"}})[0m
[0m[[0m[0mdebug[0m] [0m[0mjsonRpcRequest: JsonRpcRequestMessage(2.0, d769bb73-c5a8-4ace-b95c-563d91271de1, sbt/terminalCapabilities, {"string":"key_sleft"}})[0m
[0m[[0m[0mdebug[0m] [0m[0mjsonRpcRequest: JsonRpcRequestMessage(2.0, 11add6fd-5951-424d-8db3-3e9758ac81a8, sbt/terminalCapabilities, {"string":"key_smessage"}})[0m
[0m[[0m[0mdebug[0m] [0m[0mjsonRpcRequest: JsonRpcRequestMessage(2.0, 7d96d703-9c61-4e8c-8b13-195d40457e85, sbt/terminalCapabilities, {"string":"key_smove"}})[0m
[0m[[0m[0mdebug[0m] [0m[0mjsonRpcRequest: JsonRpcRequestMessage(2.0, 8d5b851f-6ac2-4c46-bd23-f1882dfecbea, sbt/terminalCapabilities, {"string":"key_snext"}})[0m
[0m[[0m[0mdebug[0m] [0m[0mjsonRpcRequest: JsonRpcRequestMessage(2.0, da198983-372f-4d43-84bc-e96a39ab3300, sbt/terminalCapabilities, {"string":"key_soptions"}})[0m
[0m[[0m[0mdebug[0m] [0m[0mjsonRpcRequest: JsonRpcRequestMessage(2.0, 21c47f69-d198-4fde-83f2-23a63c743980, sbt/terminalCapabilities, {"string":"key_sprevious"}})[0m
[0m[[0m[0mdebug[0m] [0m[0mjsonRpcRequest: JsonRpcRequestMessage(2.0, fd83116e-baaf-4060-bb61-59b1d53b93dd, sbt/terminalCapabilities, {"string":"key_sprint"}})[0m
[0m[[0m[0mdebug[0m] [0m[0mjsonRpcRequest: JsonRpcRequestMessage(2.0, 92a865b2-3322-42d9-ae0b-eb9cf49a07d3, sbt/terminalCapabilities, {"string":"key_sr"}})[0m
[0m[[0m[0mdebug[0m] [0m[0mjsonRpcRequest: JsonRpcRequestMessage(2.0, caa39797-c604-402d-8b85-37a801dfcb5a, sbt/terminalCapabilities, {"string":"key_sredo"}})[0m
[0m[[0m[0mdebug[0m] [0m[0mjsonRpcRequest: JsonRpcRequestMessage(2.0, 4e27087b-0566-4644-ae88-0a93f93ab666, sbt/terminalCapabilities, {"string":"key_sreplace"}})[0m
[0m[[0m[0mdebug[0m] [0m[0mjsonRpcRequest: JsonRpcRequestMessage(2.0, ee5e8dd0-7682-4554-af20-f19ebf0a6ce0, sbt/terminalCapabilities, {"string":"key_sright"}})[0m
[0m[[0m[0mdebug[0m] [0m[0mjsonRpcRequest: JsonRpcRequestMessage(2.0, 5ca76443-74f3-42e8-80eb-b47c0d01af7e, sbt/terminalCapabilities, {"string":"key_srsume"}})[0m
[0m[[0m[0mdebug[0m] [0m[0mjsonRpcRequest: JsonRpcRequestMessage(2.0, cce248d6-ef4c-407b-a907-41a38c897997, sbt/terminalCapabilities, {"string":"key_ssave"}})[0m
[0m[[0m[0mdebug[0m] [0m[0mjsonRpcRequest: JsonRpcRequestMessage(2.0, 34d3f569-e6b2-43ae-9cc2-96e7f005370e, sbt/terminalCapabilities, {"string":"key_ssuspend"}})[0m
[0m[[0m[0mdebug[0m] [0m[0mjsonRpcRequest: JsonRpcRequestMessage(2.0, 90f3b3a7-cdcb-435a-bdfe-b402c2151bd4, sbt/terminalCapabilities, {"string":"key_stab"}})[0m
[0m[[0m[0mdebug[0m] [0m[0mjsonRpcRequest: JsonRpcRequestMessage(2.0, e1dddbbe-de7f-44bf-96cf-06883980f528, sbt/terminalCapabilities, {"string":"key_sundo"}})[0m
[0m[[0m[0mdebug[0m] [0m[0mjsonRpcRequest: JsonRpcRequestMessage(2.0, b62f56ce-7676-479b-a429-b10ebefd9271, sbt/terminalCapabilities, {"string":"key_suspend"}})[0m
[0m[[0m[0mdebug[0m] [0m[0mjsonRpcRequest: JsonRpcRequestMessage(2.0, a75e9de9-65bb-4067-9d39-0b792b763498, sbt/terminalCapabilities, {"string":"key_undo"}})[0m
[0m[[0m[0mdebug[0m] [0m[0mjsonRpcRequest: JsonRpcRequestMessage(2.0, 3196671e-6fd6-448a-835f-7d9b9f18f6bb, sbt/terminalCapabilities, {"string":"key_up"}})[0m
[0m[[0m[0mdebug[0m] [0m[0mjsonRpcRequest: JsonRpcRequestMessage(2.0, be660f42-8af7-4471-bf81-2e2b08a69e59, sbt/terminalCapabilities, {"string":"key_mouse"}})[0m
[0m[[0m[0mdebug[0m] [0m[0mjsonRpcRequest: JsonRpcRequestMessage(2.0, 418aa854-aa38-43e7-bacb-cdf253ad13d5, sbt/terminalCapabilities, {"string":"key_up"}})[0m
[0m[[0m[0mdebug[0m] [0m[0mjsonRpcRequest: JsonRpcRequestMessage(2.0, 7c6532e0-31de-44d6-8347-454ed0a2046f, sbt/terminalCapabilities, {"string":"key_down"}})[0m
[0m[[0m[0mdebug[0m] [0m[0mjsonRpcRequest: JsonRpcRequestMessage(2.0, baaf2841-8914-4cd5-bac3-803fef9807c5, sbt/terminalCapabilities, {"string":"key_left"}})[0m
[0m[[0m[0mdebug[0m] [0m[0mjsonRpcRequest: JsonRpcRequestMessage(2.0, 22acebc3-0311-4f53-97cd-de08985a413d, sbt/terminalCapabilities, {"string":"key_right"}})[0m
[0m[[0m[0mdebug[0m] [0m[0mjsonRpcRequest: JsonRpcRequestMessage(2.0, cdbb263e-40b7-4380-85b7-cdbbe223a2c8, sbt/terminalCapabilities, {"string":"key_home"}})[0m
[0m[[0m[0mdebug[0m] [0m[0mjsonRpcRequest: JsonRpcRequestMessage(2.0, 18969322-1906-4ca2-a1b2-e583b24fde69, sbt/terminalCapabilities, {"string":"key_end"}})[0m
[0m[[0m[0mdebug[0m] [0m[0mjsonRpcRequest: JsonRpcRequestMessage(2.0, c902075c-1545-41f9-a135-537d9c455124, sbt/terminalCapabilities, {"string":"key_dc"}})[0m
[0m[[0m[0mdebug[0m] [0m[0mjsonRpcRequest: JsonRpcRequestMessage(2.0, 8de65fd9-09bc-44f2-a56c-67675a95344b, sbt/terminalCapabilities, {"string":"key_dl"}})[0m
[0m[[0m[0mdebug[0m] [0m[0mjsonRpcRequest: JsonRpcRequestMessage(2.0, 292b8dbf-3810-4d8f-b130-b7958833f387, sbt/terminalCapabilities, {"string":"key_ic"}})[0m
[0m[[0m[0mdebug[0m] [0m[0mjsonRpcRequest: JsonRpcRequestMessage(2.0, ebea1dc5-7543-48b8-92f0-87f57c74496a, sbt/terminalCapabilities, {"string":"key_mouse"}})[0m
[0m[[0m[0mdebug[0m] [0m[0mjsonRpcRequest: JsonRpcRequestMessage(2.0, d11b10aa-6113-4919-92b1-16542f8020e5, sbt/terminalCapabilities, {"string":"key_right"}})[0m
[0m[[0m[0mdebug[0m] [0m[0mjsonRpcRequest: JsonRpcRequestMessage(2.0, adff590a-aa45-4908-ba2e-a9068a0b7c06, sbt/terminalCapabilities, {"string":"key_left"}})[0m
[0m[[0m[0mdebug[0m] [0m[0mjsonRpcRequest: JsonRpcRequestMessage(2.0, b5bd5323-6ccd-4d31-a1ce-5d4376242943, sbt/terminalCapabilities, {"string":"key_up"}})[0m
[0m[[0m[0mdebug[0m] [0m[0mjsonRpcRequest: JsonRpcRequestMessage(2.0, dc49e9dd-fe1f-48b8-ad39-5de8b4e5bd4e, sbt/terminalCapabilities, {"string":"key_down"}})[0m
[0m[[0m[0mdebug[0m] [0m[0mjsonRpcRequest: JsonRpcRequestMessage(2.0, 1bca6a35-e59f-4960-8652-692590f95a3f, sbt/terminalCapabilities, {"string":"key_left"}})[0m
[0m[[0m[0mdebug[0m] [0m[0mjsonRpcRequest: JsonRpcRequestMessage(2.0, 5876ecc4-206e-4b3f-8849-4b5db104278f, sbt/terminalCapabilities, {"string":"key_right"}})[0m
[0m[[0m[0mdebug[0m] [0m[0mjsonRpcRequest: JsonRpcRequestMessage(2.0, ca96acfb-fd89-4e40-b561-9b089bdee9f8, sbt/terminalCapabilities, {"string":"key_home"}})[0m
[0m[[0m[0mdebug[0m] [0m[0mjsonRpcRequest: JsonRpcRequestMessage(2.0, 2a789c80-b702-47b1-b4f2-8aa098703810, sbt/terminalCapabilities, {"string":"key_end"}})[0m
[0m[[0m[0mdebug[0m] [0m[0mjsonRpcRequest: JsonRpcRequestMessage(2.0, db6ee689-ce3d-4d13-bbfb-bb4a77dbe9fe, sbt/terminalCapabilities, {"string":"key_dc"}})[0m
[0m[[0m[0mdebug[0m] [0m[0mjsonRpcRequest: JsonRpcRequestMessage(2.0, 0d3de4f5-e1c3-4937-aa94-735f83a5d235, sbt/terminalCapabilities, {"string":"key_dl"}})[0m
[0m[[0m[0mdebug[0m] [0m[0mjsonRpcRequest: JsonRpcRequestMessage(2.0, cd0cb1fc-6ece-4ac4-bd75-ec2446a632ee, sbt/terminalCapabilities, {"string":"key_ic"}})[0m
[0m[[0m[0mdebug[0m] [0m[0mjsonRpcRequest: JsonRpcRequestMessage(2.0, d432fd8a-7d0c-4cf4-9ba2-96be74115c84, sbt/terminalCapabilities, {"string":"key_mouse"}})[0m
[0m[[0m[0mdebug[0m] [0m[0mjsonRpcRequest: JsonRpcRequestMessage(2.0, 6e4f1b45-6eac-465b-8a16-11d25f08e910, sbt/terminalCapabilities, {"string":"key_a1"}})[0m
[0m[[0m[0mdebug[0m] [0m[0mjsonRpcRequest: JsonRpcRequestMessage(2.0, 555d2024-5b98-4ede-a073-27d679917f77, sbt/terminalCapabilities, {"string":"key_a3"}})[0m
[0m[[0m[0mdebug[0m] [0m[0mjsonRpcRequest: JsonRpcRequestMessage(2.0, fda95789-e519-4b22-9d77-46027fe85738, sbt/terminalCapabilities, {"string":"key_b2"}})[0m
[0m[[0m[0mdebug[0m] [0m[0mjsonRpcRequest: JsonRpcRequestMessage(2.0, ccae6ca8-d802-4f04-9019-eb490f6d56a4, sbt/terminalCapabilities, {"string":"key_backspace"}})[0m
[0m[[0m[0mdebug[0m] [0m[0mjsonRpcRequest: JsonRpcRequestMessage(2.0, 8343b606-f9c9-4c24-825d-dae1c4f29e25, sbt/terminalCapabilities, {"string":"key_beg"}})[0m
[0m[[0m[0mdebug[0m] [0m[0mjsonRpcRequest: JsonRpcRequestMessage(2.0, 21d04ba9-c453-44eb-bdb7-fca69bf93f63, sbt/terminalCapabilities, {"string":"key_btab"}})[0m
[0m[[0m[0mdebug[0m] [0m[0mjsonRpcRequest: JsonRpcRequestMessage(2.0, 0149a82f-18aa-4dc4-b8d3-13bbbe3a3de5, sbt/terminalCapabilities, {"string":"key_c1"}})[0m
[0m[[0m[0mdebug[0m] [0m[0mjsonRpcRequest: JsonRpcRequestMessage(2.0, 01689835-e727-446a-a9da-08857ad1f497, sbt/terminalCapabilities, {"string":"key_c3"}})[0m
[0m[[0m[0mdebug[0m] [0m[0mjsonRpcRequest: JsonRpcRequestMessage(2.0, 61fcd419-6062-454d-abc0-45e4642f0c0b, sbt/terminalCapabilities, {"string":"key_cancel"}})[0m
[0m[[0m[0mdebug[0m] [0m[0mjsonRpcRequest: JsonRpcRequestMessage(2.0, ab0d6a51-41fe-4f9f-b4a7-3a934453168c, sbt/terminalCapabilities, {"string":"key_catab"}})[0m
[0m[[0m[0mdebug[0m] [0m[0mjsonRpcRequest: JsonRpcRequestMessage(2.0, df70e748-4cd3-4400-8b60-55d0ef0c10fc, sbt/terminalCapabilities, {"string":"key_clear"}})[0m
[0m[[0m[0mdebug[0m] [0m[0mjsonRpcRequest: JsonRpcRequestMessage(2.0, 90ed9cb6-a548-4978-8cba-f0522cf978b9, sbt/terminalCapabilities, {"string":"key_close"}})[0m
[0m[[0m[0mdebug[0m] [0m[0mjsonRpcRequest: JsonRpcRequestMessage(2.0, bd65f187-f771-4ddf-91ee-4cdf42c7abeb, sbt/terminalCapabilities, {"string":"key_command"}})[0m
[0m[[0m[0mdebug[0m] [0m[0mjsonRpcRequest: JsonRpcRequestMessage(2.0, f4be5c84-184c-43a1-980b-bb136a305e40, sbt/terminalCapabilities, {"string":"key_copy"}})[0m
[0m[[0m[0mdebug[0m] [0m[0mjsonRpcRequest: JsonRpcRequestMessage(2.0, 3e22da91-6890-469f-ae81-8a2300c98f81, sbt/terminalCapabilities, {"string":"key_create"}})[0m
[0m[[0m[0mdebug[0m] [0m[0mjsonRpcRequest: JsonRpcRequestMessage(2.0, b6324d03-956b-4f59-8f6d-aeade98e9cba, sbt/terminalCapabilities, {"string":"key_ctab"}})[0m
[0m[[0m[0mdebug[0m] [0m[0mjsonRpcRequest: JsonRpcRequestMessage(2.0, d95a4c49-d896-42dd-b3d5-d6742f4a80df, sbt/terminalCapabilities, {"string":"key_dc"}})[0m
[0m[[0m[0mdebug[0m] [0m[0mjsonRpcRequest: JsonRpcRequestMessage(2.0, 0da1ac23-dfed-4347-a278-0bf4c0cf03e3, sbt/terminalCapabilities, {"string":"key_dl"}})[0m
[0m[[0m[0mdebug[0m] [0m[0mjsonRpcRequest: JsonRpcRequestMessage(2.0, 05350b8b-0d8d-4192-a325-bf42fce602db, sbt/terminalCapabilities, {"string":"key_down"}})[0m
[0m[[0m[0mdebug[0m] [0m[0mjsonRpcRequest: JsonRpcRequestMessage(2.0, 1bc3d2a7-2ba3-4e5c-9aeb-0ce3edc5fe7d, sbt/terminalCapabilities, {"string":"key_eic"}})[0m
[0m[[0m[0mdebug[0m] [0m[0mjsonRpcRequest: JsonRpcRequestMessage(2.0, 9888ed83-50b7-46f5-af1f-ccb702d9dc90, sbt/terminalCapabilities, {"string":"key_end"}})[0m
[0m[[0m[0mdebug[0m] [0m[0mjsonRpcRequest: JsonRpcRequestMessage(2.0, 86584128-f579-4207-b6ce-9e66683c27cc, sbt/terminalCapabilities, {"string":"key_enter"}})[0m
[0m[[0m[0mdebug[0m] [0m[0mjsonRpcRequest: JsonRpcRequestMessage(2.0, e9d4b854-2ca8-4f7f-a2b7-5b48e3bcfea0, sbt/terminalCapabilities, {"string":"key_eol"}})[0m
[0m[[0m[0mdebug[0m] [0m[0mjsonRpcRequest: JsonRpcRequestMessage(2.0, 7a336d35-1b4f-42d5-b6d6-81a2c7da388f, sbt/terminalCapabilities, {"string":"key_eos"}})[0m
[0m[[0m[0mdebug[0m] [0m[0mjsonRpcRequest: JsonRpcRequestMessage(2.0, 5ae22c9a-0604-40da-9714-06c2aff7dbf5, sbt/terminalCapabilities, {"string":"key_exit"}})[0m
[0m[[0m[0mdebug[0m] [0m[0mjsonRpcRequest: JsonRpcRequestMessage(2.0, 55630bdd-c1b5-43f5-9c41-a4f38b6dce67, sbt/terminalCapabilities, {"string":"key_f0"}})[0m
[0m[[0m[0mdebug[0m] [0m[0mjsonRpcRequest: JsonRpcRequestMessage(2.0, 5adf0eae-d0ea-41f4-8089-c7b3245f2c68, sbt/terminalCapabilities, {"string":"key_f1"}})[0m
[0m[[0m[0mdebug[0m] [0m[0mjsonRpcRequest: JsonRpcRequestMessage(2.0, aa101f75-a4d2-4ae7-b387-8ac5f12d1bf4, sbt/terminalCapabilities, {"string":"key_f10"}})[0m
[0m[[0m[0mdebug[0m] [0m[0mjsonRpcRequest: JsonRpcRequestMessage(2.0, 8a0c5fae-86ed-44bd-ac89-f23f17612f14, sbt/terminalCapabilities, {"string":"key_f11"}})[0m
[0m[[0m[0mdebug[0m] [0m[0mjsonRpcRequest: JsonRpcRequestMessage(2.0, 52268967-b810-4071-874e-7f327570493b, sbt/terminalCapabilities, {"string":"key_f12"}})[0m
[0m[[0m[0mdebug[0m] [0m[0mjsonRpcRequest: JsonRpcRequestMessage(2.0, 4fb7e4e2-0414-4a21-885b-de06093ac3ec, sbt/terminalCapabilities, {"string":"key_f13"}})[0m
[0m[[0m[0mdebug[0m] [0m[0mjsonRpcRequest: JsonRpcRequestMessage(2.0, 99210188-0552-475a-b033-faeae42c8a4a, sbt/terminalCapabilities, {"string":"key_f14"}})[0m
[0m[[0m[0mdebug[0m] [0m[0mjsonRpcRequest: JsonRpcRequestMessage(2.0, b727f974-e1f7-47a6-bac3-63c8dcf0d0b6, sbt/terminalCapabilities, {"string":"key_f15"}})[0m
[0m[[0m[0mdebug[0m] [0m[0mjsonRpcRequest: JsonRpcRequestMessage(2.0, 4cc4ac81-1986-496e-867b-e984b5006bdd, sbt/terminalCapabilities, {"string":"key_f16"}})[0m
[0m[[0m[0mdebug[0m] [0m[0mjsonRpcRequest: JsonRpcRequestMessage(2.0, 520bd80d-f463-489d-8b9c-8b0afa06b624, sbt/terminalCapabilities, {"string":"key_f17"}})[0m
[0m[[0m[0mdebug[0m] [0m[0mjsonRpcRequest: JsonRpcRequestMessage(2.0, 30d361d4-2fe1-45f3-925d-0477df9dccb4, sbt/terminalCapabilities, {"string":"key_f18"}})[0m
[0m[[0m[0mdebug[0m] [0m[0mjsonRpcRequest: JsonRpcRequestMessage(2.0, 1ba8d65f-5845-44e3-920f-55d31e114c49, sbt/terminalCapabilities, {"string":"key_f19"}})[0m
[0m[[0m[0mdebug[0m] [0m[0mjsonRpcRequest: JsonRpcRequestMessage(2.0, 1cf2c0dd-0033-4942-9aa6-c155e36ae76c, sbt/terminalCapabilities, {"string":"key_f2"}})[0m
[0m[[0m[0mdebug[0m] [0m[0mjsonRpcRequest: JsonRpcRequestMessage(2.0, f5cf6fe1-0914-4a5f-9257-5205444918b7, sbt/terminalCapabilities, {"string":"key_f20"}})[0m
[0m[[0m[0mdebug[0m] [0m[0mjsonRpcRequest: JsonRpcRequestMessage(2.0, 118bdf62-c121-440d-b826-06b8c42ec344, sbt/terminalCapabilities, {"string":"key_f21"}})[0m
[0m[[0m[0mdebug[0m] [0m[0mjsonRpcRequest: JsonRpcRequestMessage(2.0, 65c8293a-bde0-43c8-a733-b1a4b2e2a517, sbt/terminalCapabilities, {"string":"key_f22"}})[0m
[0m[[0m[0mdebug[0m] [0m[0mjsonRpcRequest: JsonRpcRequestMessage(2.0, ad7d93ba-2370-452e-a0d4-749ca8eeed80, sbt/terminalCapabilities, {"string":"key_f23"}})[0m
[0m[[0m[0mdebug[0m] [0m[0mjsonRpcRequest: JsonRpcRequestMessage(2.0, 03ceb199-761a-48b8-ad2d-02af5c01b43b, sbt/terminalCapabilities, {"string":"key_f24"}})[0m
[0m[[0m[0mdebug[0m] [0m[0mjsonRpcRequest: JsonRpcRequestMessage(2.0, 8108f989-9560-49d3-a679-125354d2de47, sbt/terminalCapabilities, {"string":"key_f25"}})[0m
[0m[[0m[0mdebug[0m] [0m[0mjsonRpcRequest: JsonRpcRequestMessage(2.0, 57b65693-0672-490b-a9c6-b90601548244, sbt/terminalCapabilities, {"string":"key_f26"}})[0m
[0m[[0m[0mdebug[0m] [0m[0mjsonRpcRequest: JsonRpcRequestMessage(2.0, 1847dda5-d03c-441b-bd56-c1ca89582ac9, sbt/terminalCapabilities, {"string":"key_f27"}})[0m
[0m[[0m[0mdebug[0m] [0m[0mjsonRpcRequest: JsonRpcRequestMessage(2.0, c4c6a25e-0515-4391-97b5-a8d7996da6ce, sbt/terminalCapabilities, {"string":"key_f28"}})[0m
[0m[[0m[0mdebug[0m] [0m[0mjsonRpcRequest: JsonRpcRequestMessage(2.0, 9d1effbb-25a9-40ea-aa6c-09218fce9a32, sbt/terminalCapabilities, {"string":"key_f29"}})[0m
[0m[[0m[0mdebug[0m] [0m[0mjsonRpcRequest: JsonRpcRequestMessage(2.0, 0c95a9b6-b30d-4e67-b6e2-ee41e65a239f, sbt/terminalCapabilities, {"string":"key_f3"}})[0m
[0m[[0m[0mdebug[0m] [0m[0mjsonRpcRequest: JsonRpcRequestMessage(2.0, 84323895-8ba1-4be7-971d-ce522ca422a0, sbt/terminalCapabilities, {"string":"key_f30"}})[0m
[0m[[0m[0mdebug[0m] [0m[0mjsonRpcRequest: JsonRpcRequestMessage(2.0, 807d8ab7-a657-4489-a1b0-84ff56c1cb61, sbt/terminalCapabilities, {"string":"key_f31"}})[0m
[0m[[0m[0mdebug[0m] [0m[0mjsonRpcRequest: JsonRpcRequestMessage(2.0, 4ceddd4a-7e17-4ece-976a-9d8625e15287, sbt/terminalCapabilities, {"string":"key_f32"}})[0m
[0m[[0m[0mdebug[0m] [0m[0mjsonRpcRequest: JsonRpcRequestMessage(2.0, 81e1e635-8e47-4fe7-a8f3-511d471fdfa8, sbt/terminalCapabilities, {"string":"key_f33"}})[0m
[0m[[0m[0mdebug[0m] [0m[0mjsonRpcRequest: JsonRpcRequestMessage(2.0, 8ada4686-4fe2-4e52-9ba1-e4f43ddddb01, sbt/terminalCapabilities, {"string":"key_f34"}})[0m
[0m[[0m[0mdebug[0m] [0m[0mjsonRpcRequest: JsonRpcRequestMessage(2.0, 1864da7c-846f-499f-a679-6f0b0a5480eb, sbt/terminalCapabilities, {"string":"key_f35"}})[0m
[0m[[0m[0mdebug[0m] [0m[0mjsonRpcRequest: JsonRpcRequestMessage(2.0, 9e8466a5-0067-46ff-8b6e-93a532ddcdc5, sbt/terminalCapabilities, {"string":"key_f36"}})[0m
[0m[[0m[0mdebug[0m] [0m[0mjsonRpcRequest: JsonRpcRequestMessage(2.0, 608c05a6-df2e-49f2-a952-8b70c5bb1007, sbt/terminalCapabilities, {"string":"key_f37"}})[0m
[0m[[0m[0mdebug[0m] [0m[0mjsonRpcRequest: JsonRpcRequestMessage(2.0, eab02c5a-365c-4739-8114-632711775c5a, sbt/terminalCapabilities, {"string":"key_f38"}})[0m
[0m[[0m[0mdebug[0m] [0m[0mjsonRpcRequest: JsonRpcRequestMessage(2.0, 9dfdee3f-f8c6-4d6a-9e47-ef3f68e01c64, sbt/terminalCapabilities, {"string":"key_f39"}})[0m
[0m[[0m[0mdebug[0m] [0m[0mjsonRpcRequest: JsonRpcRequestMessage(2.0, 2c47d888-ff78-493c-8cad-32d720c1e656, sbt/terminalCapabilities, {"string":"key_f4"}})[0m
[0m[[0m[0mdebug[0m] [0m[0mjsonRpcRequest: JsonRpcRequestMessage(2.0, dc87081f-a2c0-4819-a36c-0c8e2a481a47, sbt/terminalCapabilities, {"string":"key_f40"}})[0m
[0m[[0m[0mdebug[0m] [0m[0mjsonRpcRequest: JsonRpcRequestMessage(2.0, 7678cb04-1a69-4318-983f-33136d769cfd, sbt/terminalCapabilities, {"string":"key_f41"}})[0m
[0m[[0m[0mdebug[0m] [0m[0mjsonRpcRequest: JsonRpcRequestMessage(2.0, d98af37a-230f-4394-8121-5b8a81a07e10, sbt/terminalCapabilities, {"string":"key_f42"}})[0m
[0m[[0m[0mdebug[0m] [0m[0mjsonRpcRequest: JsonRpcRequestMessage(2.0, f65316b4-51c4-4b40-856a-5731b3e11b80, sbt/terminalCapabilities, {"string":"key_f43"}})[0m
[0m[[0m[0mdebug[0m] [0m[0mjsonRpcRequest: JsonRpcRequestMessage(2.0, b136749b-fb91-4be5-a633-3b953fabfff8, sbt/terminalCapabilities, {"string":"key_f44"}})[0m
[0m[[0m[0mdebug[0m] [0m[0mjsonRpcRequest: JsonRpcRequestMessage(2.0, 16eab6c3-fd46-477b-ada8-e45f468dc14d, sbt/terminalCapabilities, {"string":"key_f45"}})[0m
[0m[[0m[0mdebug[0m] [0m[0mjsonRpcRequest: JsonRpcRequestMessage(2.0, a6fe4dc1-4c5f-47da-bdac-fa497d07f933, sbt/terminalCapabilities, {"string":"key_f46"}})[0m
[0m[[0m[0mdebug[0m] [0m[0mjsonRpcRequest: JsonRpcRequestMessage(2.0, 2b945009-af0f-479d-811e-1e6f81e997f8, sbt/terminalCapabilities, {"string":"key_f47"}})[0m
[0m[[0m[0mdebug[0m] [0m[0mjsonRpcRequest: JsonRpcRequestMessage(2.0, 98a62667-9bbc-472a-98c6-afbd208cc9e7, sbt/terminalCapabilities, {"string":"key_f48"}})[0m
[0m[[0m[0mdebug[0m] [0m[0mjsonRpcRequest: JsonRpcRequestMessage(2.0, 81c4e64e-3389-474d-abce-7eba1f4086b1, sbt/terminalCapabilities, {"string":"key_f49"}})[0m
[0m[[0m[0mdebug[0m] [0m[0mjsonRpcRequest: JsonRpcRequestMessage(2.0, 4d0b6dd5-3aa5-47c2-9d86-f372bc2db864, sbt/terminalCapabilities, {"string":"key_f5"}})[0m
[0m[[0m[0mdebug[0m] [0m[0mjsonRpcRequest: JsonRpcRequestMessage(2.0, 42c5fa32-f71e-4a52-8407-0c0367d5d6b7, sbt/terminalCapabilities, {"string":"key_f50"}})[0m
[0m[[0m[0mdebug[0m] [0m[0mjsonRpcRequest: JsonRpcRequestMessage(2.0, 949e7cc1-15f4-442c-9cf3-bbaf7e9a8289, sbt/terminalCapabilities, {"string":"key_f51"}})[0m
[0m[[0m[0mdebug[0m] [0m[0mjsonRpcRequest: JsonRpcRequestMessage(2.0, 3e8fd5a0-a290-4cfc-bf32-b99a2e8750cc, sbt/terminalCapabilities, {"string":"key_f52"}})[0m
[0m[[0m[0mdebug[0m] [0m[0mjsonRpcRequest: JsonRpcRequestMessage(2.0, 9be9c051-d0bc-49a8-b043-0f8737b058e1, sbt/terminalCapabilities, {"string":"key_f53"}})[0m
[0m[[0m[0mdebug[0m] [0m[0mjsonRpcRequest: JsonRpcRequestMessage(2.0, 98a2dba1-2053-418c-90e4-5f8e21c33106, sbt/terminalCapabilities, {"string":"key_f54"}})[0m
[0m[[0m[0mdebug[0m] [0m[0mjsonRpcRequest: JsonRpcRequestMessage(2.0, 7a94e3af-2dfc-4d66-aa05-f1637fc1f9a7, sbt/terminalCapabilities, {"string":"key_f55"}})[0m
[0m[[0m[0mdebug[0m] [0m[0mjsonRpcRequest: JsonRpcRequestMessage(2.0, a32c3dfd-9c0f-4785-abed-40f9c6089e27, sbt/terminalCapabilities, {"string":"key_f56"}})[0m
[0m[[0m[0mdebug[0m] [0m[0mjsonRpcRequest: JsonRpcRequestMessage(2.0, 5c152462-f659-4522-b629-5af658861e98, sbt/terminalCapabilities, {"string":"key_f57"}})[0m
[0m[[0m[0mdebug[0m] [0m[0mjsonRpcRequest: JsonRpcRequestMessage(2.0, b6efbde1-ab7d-4be8-963f-42df56ca2a94, sbt/terminalCapabilities, {"string":"key_f58"}})[0m
[0m[[0m[0mdebug[0m] [0m[0mjsonRpcRequest: JsonRpcRequestMessage(2.0, b46989e0-4de1-4f55-9ac3-3b621e866666, sbt/terminalCapabilities, {"string":"key_f59"}})[0m
[0m[[0m[0mdebug[0m] [0m[0mjsonRpcRequest: JsonRpcRequestMessage(2.0, 094d6459-1a77-4a35-86d6-40e407dce025, sbt/terminalCapabilities, {"string":"key_f6"}})[0m
[0m[[0m[0mdebug[0m] [0m[0mjsonRpcRequest: JsonRpcRequestMessage(2.0, 7f838b52-9eed-49e8-8689-663494ff3306, sbt/terminalCapabilities, {"string":"key_f60"}})[0m
[0m[[0m[0mdebug[0m] [0m[0mjsonRpcRequest: JsonRpcRequestMessage(2.0, f2cc0187-9c5d-402f-b95e-a9c9ec19d86f, sbt/terminalCapabilities, {"string":"key_f61"}})[0m
[0m[[0m[0mdebug[0m] [0m[0mjsonRpcRequest: JsonRpcRequestMessage(2.0, 139b58b4-c43c-47ec-a5c1-3f39bd2ec81d, sbt/terminalCapabilities, {"string":"key_f62"}})[0m
[0m[[0m[0mdebug[0m] [0m[0mjsonRpcRequest: JsonRpcRequestMessage(2.0, a4ed8478-43bb-4545-8476-1058bde29d16, sbt/terminalCapabilities, {"string":"key_f63"}})[0m
[0m[[0m[0mdebug[0m] [0m[0mjsonRpcRequest: JsonRpcRequestMessage(2.0, 6da49299-d260-494a-809e-83f4f1cc7455, sbt/terminalCapabilities, {"string":"key_f7"}})[0m
[0m[[0m[0mdebug[0m] [0m[0mjsonRpcRequest: JsonRpcRequestMessage(2.0, 2a9d51dd-2db4-4511-8f32-f24532fd62c8, sbt/terminalCapabilities, {"string":"key_f8"}})[0m
[0m[[0m[0mdebug[0m] [0m[0mjsonRpcRequest: JsonRpcRequestMessage(2.0, bfdea401-039a-4bcd-bf68-d0f80913bdb8, sbt/terminalCapabilities, {"string":"key_f9"}})[0m
[0m[[0m[0mdebug[0m] [0m[0mjsonRpcRequest: JsonRpcRequestMessage(2.0, bc896bbb-ab44-437e-9537-bb07ad9eb874, sbt/terminalCapabilities, {"string":"key_find"}})[0m
[0m[[0m[0mdebug[0m] [0m[0mjsonRpcRequest: JsonRpcRequestMessage(2.0, c73fa795-810e-43e1-8823-a1bb82993e00, sbt/terminalCapabilities, {"string":"key_help"}})[0m
[0m[[0m[0mdebug[0m] [0m[0mjsonRpcRequest: JsonRpcRequestMessage(2.0, ce47300c-067a-400d-a466-dc4f82566598, sbt/terminalCapabilities, {"string":"key_home"}})[0m
[0m[[0m[0mdebug[0m] [0m[0mjsonRpcRequest: JsonRpcRequestMessage(2.0, 40926651-b2bf-4328-a829-c48fa9f2eec0, sbt/terminalCapabilities, {"string":"key_ic"}})[0m
[0m[[0m[0mdebug[0m] [0m[0mjsonRpcRequest: JsonRpcRequestMessage(2.0, d81c1f1f-b2bb-4195-97aa-cfe565e31c43, sbt/terminalCapabilities, {"string":"key_il"}})[0m
[0m[[0m[0mdebug[0m] [0m[0mjsonRpcRequest: JsonRpcRequestMessage(2.0, dfb75e50-0111-49d2-9afb-fe88942bc583, sbt/terminalCapabilities, {"string":"key_left"}})[0m
[0m[[0m[0mdebug[0m] [0m[0mjsonRpcRequest: JsonRpcRequestMessage(2.0, 3afc4364-c6b1-4e4f-8118-d58b1c7ee901, sbt/terminalCapabilities, {"string":"key_ll"}})[0m
[0m[[0m[0mdebug[0m] [0m[0mjsonRpcRequest: JsonRpcRequestMessage(2.0, 9a4e40de-674f-45ce-a671-d53106632969, sbt/terminalCapabilities, {"string":"key_mark"}})[0m
[0m[[0m[0mdebug[0m] [0m[0mjsonRpcRequest: JsonRpcRequestMessage(2.0, b0a1d09b-ddfe-478f-a71c-2a5d04ec8869, sbt/terminalCapabilities, {"string":"key_message"}})[0m
[0m[[0m[0mdebug[0m] [0m[0mjsonRpcRequest: JsonRpcRequestMessage(2.0, 4fdb848d-df82-4fbc-af99-8314677bf294, sbt/terminalCapabilities, {"string":"key_move"}})[0m
[0m[[0m[0mdebug[0m] [0m[0mjsonRpcRequest: JsonRpcRequestMessage(2.0, 1670be17-91d4-47b9-8c21-05be4210981d, sbt/terminalCapabilities, {"string":"key_next"}})[0m
[0m[[0m[0mdebug[0m] [0m[0mjsonRpcRequest: JsonRpcRequestMessage(2.0, 54e0dcbc-329a-403e-8917-d06db2b3f0ba, sbt/terminalCapabilities, {"string":"key_npage"}})[0m
[0m[[0m[0mdebug[0m] [0m[0mjsonRpcRequest: JsonRpcRequestMessage(2.0, 4f8c1612-02e4-4005-8b0c-64af2f569fd2, sbt/terminalCapabilities, {"string":"key_open"}})[0m
[0m[[0m[0mdebug[0m] [0m[0mjsonRpcRequest: JsonRpcRequestMessage(2.0, 2ca3038c-298e-489a-b7d6-08f11c78cf14, sbt/terminalCapabilities, {"string":"key_options"}})[0m
[0m[[0m[0mdebug[0m] [0m[0mjsonRpcRequest: JsonRpcRequestMessage(2.0, 8c119f10-a2f7-4517-aab1-85dee3297f5b, sbt/terminalCapabilities, {"string":"key_ppage"}})[0m
[0m[[0m[0mdebug[0m] [0m[0mjsonRpcRequest: JsonRpcRequestMessage(2.0, 8dd6a169-663e-4d01-8cc1-44443e6e0990, sbt/terminalCapabilities, {"string":"key_previous"}})[0m
[0m[[0m[0mdebug[0m] [0m[0mjsonRpcRequest: JsonRpcRequestMessage(2.0, 2c7376e0-3583-4147-beb3-902cbcafef1d, sbt/terminalCapabilities, {"string":"key_print"}})[0m
[0m[[0m[0mdebug[0m] [0m[0mjsonRpcRequest: JsonRpcRequestMessage(2.0, 41d4f044-8eb8-4f4a-89d8-6a9f4c66dfe6, sbt/terminalCapabilities, {"string":"key_redo"}})[0m
[0m[[0m[0mdebug[0m] [0m[0mjsonRpcRequest: JsonRpcRequestMessage(2.0, 967b71cf-21f6-4302-8269-25bb4b2efa68, sbt/terminalCapabilities, {"string":"key_reference"}})[0m
[0m[[0m[0mdebug[0m] [0m[0mjsonRpcRequest: JsonRpcRequestMessage(2.0, f68103ca-b873-4e7d-98eb-58d7456b3419, sbt/terminalCapabilities, {"string":"key_refresh"}})[0m
[0m[[0m[0mdebug[0m] [0m[0mjsonRpcRequest: JsonRpcRequestMessage(2.0, 035b5a75-b97e-45cf-abcd-7b55a05b7f19, sbt/terminalCapabilities, {"string":"key_replace"}})[0m
[0m[[0m[0mdebug[0m] [0m[0mjsonRpcRequest: JsonRpcRequestMessage(2.0, 8e8505e2-8e8e-4403-8c26-ac0f5c43d9e0, sbt/terminalCapabilities, {"string":"key_restart"}})[0m
[0m[[0m[0mdebug[0m] [0m[0mjsonRpcRequest: JsonRpcRequestMessage(2.0, 9bd4f0a0-dc08-4656-8722-b3622a1b22b8, sbt/terminalCapabilities, {"string":"key_resume"}})[0m
[0m[[0m[0mdebug[0m] [0m[0mjsonRpcRequest: JsonRpcRequestMessage(2.0, cadfc2a9-c8b6-4a9e-99fb-2d277030f79b, sbt/terminalCapabilities, {"string":"key_right"}})[0m
[0m[[0m[0mdebug[0m] [0m[0mjsonRpcRequest: JsonRpcRequestMessage(2.0, 599f8ce8-4c6d-4be0-a024-df5ae583189e, sbt/terminalCapabilities, {"string":"key_save"}})[0m
[0m[[0m[0mdebug[0m] [0m[0mjsonRpcRequest: JsonRpcRequestMessage(2.0, 400982d6-f237-4a7d-ad2a-54b0f1d298eb, sbt/terminalCapabilities, {"string":"key_sbeg"}})[0m
[0m[[0m[0mdebug[0m] [0m[0mjsonRpcRequest: JsonRpcRequestMessage(2.0, 89d016dc-c207-4d8e-ac8b-b6e1061d811f, sbt/terminalCapabilities, {"string":"key_scancel"}})[0m
[0m[[0m[0mdebug[0m] [0m[0mjsonRpcRequest: JsonRpcRequestMessage(2.0, 45a3fe2e-9f9a-44fc-856a-655b12200431, sbt/terminalCapabilities, {"string":"key_scommand"}})[0m
[0m[[0m[0mdebug[0m] [0m[0mjsonRpcRequest: JsonRpcRequestMessage(2.0, b5e40b1e-40b0-4a97-90e2-b4d8f9445fe3, sbt/terminalCapabilities, {"string":"key_scopy"}})[0m
[0m[[0m[0mdebug[0m] [0m[0mjsonRpcRequest: JsonRpcRequestMessage(2.0, b50ad58d-eaab-488e-b69e-165c5b8a4f4b, sbt/terminalCapabilities, {"string":"key_screate"}})[0m
[0m[[0m[0mdebug[0m] [0m[0mjsonRpcRequest: JsonRpcRequestMessage(2.0, 38cd88e6-2fac-4733-a46a-1b8162825f33, sbt/terminalCapabilities, {"string":"key_sdc"}})[0m
[0m[[0m[0mdebug[0m] [0m[0mjsonRpcRequest: JsonRpcRequestMessage(2.0, e0eb8abd-a215-4d7d-b5b4-c5fed156f156, sbt/terminalCapabilities, {"string":"key_sdl"}})[0m
[0m[[0m[0mdebug[0m] [0m[0mjsonRpcRequest: JsonRpcRequestMessage(2.0, 0789db21-8c2a-4dd6-8214-b87fe4ffd8b2, sbt/terminalCapabilities, {"string":"key_select"}})[0m
[0m[[0m[0mdebug[0m] [0m[0mjsonRpcRequest: JsonRpcRequestMessage(2.0, b67d67ce-7e75-4761-914b-a239f5b920d6, sbt/terminalCapabilities, {"string":"key_send"}})[0m
[0m[[0m[0mdebug[0m] [0m[0mjsonRpcRequest: JsonRpcRequestMessage(2.0, cb5ce7c4-97a8-4a80-9668-fb84618dc034, sbt/terminalCapabilities, {"string":"key_seol"}})[0m
[0m[[0m[0mdebug[0m] [0m[0mjsonRpcRequest: JsonRpcRequestMessage(2.0, 41e4c1f7-e857-49a3-8a90-c4af6d24f377, sbt/terminalCapabilities, {"string":"key_sexit"}})[0m
[0m[[0m[0mdebug[0m] [0m[0mjsonRpcRequest: JsonRpcRequestMessage(2.0, 8911a963-396f-4dfe-8821-62d7b3b0af02, sbt/terminalCapabilities, {"string":"key_sf"}})[0m
[0m[[0m[0mdebug[0m] [0m[0mjsonRpcRequest: JsonRpcRequestMessage(2.0, 72146138-590c-4ce0-86f5-6181e96d9b29, sbt/terminalCapabilities, {"string":"key_sfind"}})[0m
[0m[[0m[0mdebug[0m] [0m[0mjsonRpcRequest: JsonRpcRequestMessage(2.0, 891e6849-12cd-46c3-b29b-50a89ac19c91, sbt/terminalCapabilities, {"string":"key_shelp"}})[0m
[0m[[0m[0mdebug[0m] [0m[0mjsonRpcRequest: JsonRpcRequestMessage(2.0, 1f34f563-f31e-4fda-aa4b-6783438b9e7e, sbt/terminalCapabilities, {"string":"key_shome"}})[0m
[0m[[0m[0mdebug[0m] [0m[0mjsonRpcRequest: JsonRpcRequestMessage(2.0, 3decef28-b312-4f8a-ae4c-c1654ad64474, sbt/terminalCapabilities, {"string":"key_sic"}})[0m
[0m[[0m[0mdebug[0m] [0m[0mjsonRpcRequest: JsonRpcRequestMessage(2.0, 6517c3e4-4741-447d-bf61-ff4b9f0d38e8, sbt/terminalCapabilities, {"string":"key_sleft"}})[0m
[0m[[0m[0mdebug[0m] [0m[0mjsonRpcRequest: JsonRpcRequestMessage(2.0, cb569eba-3a75-4235-a729-82101652893d, sbt/terminalCapabilities, {"string":"key_smessage"}})[0m
[0m[[0m[0mdebug[0m] [0m[0mjsonRpcRequest: JsonRpcRequestMessage(2.0, deacac88-b69f-4c4c-966d-21083604e373, sbt/terminalCapabilities, {"string":"key_smove"}})[0m
[0m[[0m[0mdebug[0m] [0m[0mjsonRpcRequest: JsonRpcRequestMessage(2.0, 3b834d3a-0e2a-457a-84b5-7a4196de8218, sbt/terminalCapabilities, {"string":"key_snext"}})[0m
[0m[[0m[0mdebug[0m] [0m[0mjsonRpcRequest: JsonRpcRequestMessage(2.0, 5f9150e1-29d2-4f17-a4e4-11851381c34d, sbt/terminalCapabilities, {"string":"key_soptions"}})[0m
[0m[[0m[0mdebug[0m] [0m[0mjsonRpcRequest: JsonRpcRequestMessage(2.0, e247ee26-c695-40d8-9ff8-4caf047c856a, sbt/terminalCapabilities, {"string":"key_sprevious"}})[0m
[0m[[0m[0mdebug[0m] [0m[0mjsonRpcRequest: JsonRpcRequestMessage(2.0, a2428099-7564-4bef-83bf-1d6b8f58b639, sbt/terminalCapabilities, {"string":"key_sprint"}})[0m
[0m[[0m[0mdebug[0m] [0m[0mjsonRpcRequest: JsonRpcRequestMessage(2.0, 92d7d2e8-391e-48e8-9fef-240e22fb1034, sbt/terminalCapabilities, {"string":"key_sr"}})[0m
[0m[[0m[0mdebug[0m] [0m[0mjsonRpcRequest: JsonRpcRequestMessage(2.0, 2a0d50c9-b0ef-4378-afb1-76fbb7f06f8f, sbt/terminalCapabilities, {"string":"key_sredo"}})[0m
[0m[[0m[0mdebug[0m] [0m[0mjsonRpcRequest: JsonRpcRequestMessage(2.0, 5ef0ebf3-60b5-4e58-8296-b79adcb0bc85, sbt/terminalCapabilities, {"string":"key_sreplace"}})[0m
[0m[[0m[0mdebug[0m] [0m[0mjsonRpcRequest: JsonRpcRequestMessage(2.0, aa798091-6d3d-4948-8609-1c37d5387abb, sbt/terminalCapabilities, {"string":"key_sright"}})[0m
[0m[[0m[0mdebug[0m] [0m[0mjsonRpcRequest: JsonRpcRequestMessage(2.0, 185e7929-c789-4a70-8009-3e9413a19735, sbt/terminalCapabilities, {"string":"key_srsume"}})[0m
[0m[[0m[0mdebug[0m] [0m[0mjsonRpcRequest: JsonRpcRequestMessage(2.0, 1cd0fc58-fc52-46d2-bf3c-bd5a09e722fb, sbt/terminalCapabilities, {"string":"key_ssave"}})[0m
[0m[[0m[0mdebug[0m] [0m[0mjsonRpcRequest: JsonRpcRequestMessage(2.0, 85790a04-2968-4172-bc0d-aaae11a4701e, sbt/terminalCapabilities, {"string":"key_ssuspend"}})[0m
[0m[[0m[0mdebug[0m] [0m[0mjsonRpcRequest: JsonRpcRequestMessage(2.0, 23552c44-2da8-4404-81b8-37f91efee409, sbt/terminalCapabilities, {"string":"key_stab"}})[0m
[0m[[0m[0mdebug[0m] [0m[0mjsonRpcRequest: JsonRpcRequestMessage(2.0, cd408b1e-cc7c-4426-948c-6a240dbf321c, sbt/terminalCapabilities, {"string":"key_sundo"}})[0m
[0m[[0m[0mdebug[0m] [0m[0mjsonRpcRequest: JsonRpcRequestMessage(2.0, a9fcc6e8-029d-4b50-a6e4-b38664bff2e2, sbt/terminalCapabilities, {"string":"key_suspend"}})[0m
[0m[[0m[0mdebug[0m] [0m[0mjsonRpcRequest: JsonRpcRequestMessage(2.0, 31beb4d3-4e2d-4f6d-9e79-62f3deb53098, sbt/terminalCapabilities, {"string":"key_undo"}})[0m
[0m[[0m[0mdebug[0m] [0m[0mjsonRpcRequest: JsonRpcRequestMessage(2.0, 96c80786-6fa9-40f8-8e2f-32bb932fca79, sbt/terminalCapabilities, {"string":"key_up"}})[0m
[0m[[0m[0mdebug[0m] [0m[0mjsonRpcRequest: JsonRpcRequestMessage(2.0, aa57232a-56c1-49e9-b671-a98129dd6eef, sbt/terminalCapabilities, {"string":"key_mouse"}})[0m
[0m[[0m[0mdebug[0m] [0m[0mjsonRpcRequest: JsonRpcRequestMessage(2.0, 3d0d2fd8-b0fe-42d6-b4c6-db9c6514b649, sbt/terminalCapabilities, {"string":"key_up"}})[0m
[0m[[0m[0mdebug[0m] [0m[0mjsonRpcRequest: JsonRpcRequestMessage(2.0, 2f275946-71be-4753-8803-6acd7fdfe9e3, sbt/terminalCapabilities, {"string":"key_down"}})[0m
[0m[[0m[0mdebug[0m] [0m[0mjsonRpcRequest: JsonRpcRequestMessage(2.0, e9224910-7188-469e-8d8f-629ce7b0228c, sbt/terminalCapabilities, {"string":"key_left"}})[0m
[0m[[0m[0mdebug[0m] [0m[0mjsonRpcRequest: JsonRpcRequestMessage(2.0, 9de1cb30-740e-4529-afc8-456f47aaaef2, sbt/terminalCapabilities, {"string":"key_right"}})[0m
[0m[[0m[0mdebug[0m] [0m[0mjsonRpcRequest: JsonRpcRequestMessage(2.0, 7e9bfb16-28b8-4691-93da-a720a39dd64c, sbt/terminalCapabilities, {"string":"key_home"}})[0m
[0m[[0m[0mdebug[0m] [0m[0mjsonRpcRequest: JsonRpcRequestMessage(2.0, d5eb84fa-d8ba-4bb8-9944-6ae72722f6d7, sbt/terminalCapabilities, {"string":"key_end"}})[0m
[0m[[0m[0mdebug[0m] [0m[0mjsonRpcRequest: JsonRpcRequestMessage(2.0, 8601eaa2-8e7b-4936-9a0a-3243b6f3bd20, sbt/terminalCapabilities, {"string":"key_dc"}})[0m
[0m[[0m[0mdebug[0m] [0m[0mjsonRpcRequest: JsonRpcRequestMessage(2.0, 27c3faf1-9b9c-460c-9529-4efa76ca4118, sbt/terminalCapabilities, {"string":"key_dl"}})[0m
[0m[[0m[0mdebug[0m] [0m[0mjsonRpcRequest: JsonRpcRequestMessage(2.0, 4df11a01-03c7-4d80-9ce7-a32b7bab6ccc, sbt/terminalCapabilities, {"string":"key_ic"}})[0m
[0m[[0m[0mdebug[0m] [0m[0mjsonRpcRequest: JsonRpcRequestMessage(2.0, e89fdced-7af2-493d-a8ea-d424c5a4dbdf, sbt/terminalCapabilities, {"string":"key_mouse"}})[0m
[0m[[0m[0mdebug[0m] [0m[0mjsonRpcRequest: JsonRpcRequestMessage(2.0, cb453cd3-92ae-46f4-bb93-5d153a502be4, sbt/terminalCapabilities, {"string":"back_tab"}})[0m
[0m[[0m[0mdebug[0m] [0m[0mjsonRpcRequest: JsonRpcRequestMessage(2.0, 8f92d5b2-e0b9-4e73-bcfc-cda8fe3846c2, sbt/terminalCapabilities, {"string":"key_up"}})[0m
[0m[[0m[0mdebug[0m] [0m[0mjsonRpcRequest: JsonRpcRequestMessage(2.0, 235a06c6-5630-449a-b07f-3123bc78004f, sbt/terminalCapabilities, {"string":"key_down"}})[0m
[0m[[0m[0mdebug[0m] [0m[0mjsonRpcRequest: JsonRpcRequestMessage(2.0, f0ce64b6-d8a7-4327-8497-e6f512d241a5, sbt/terminalCapabilities, {"string":"key_left"}})[0m
[0m[[0m[0mdebug[0m] [0m[0mjsonRpcRequest: JsonRpcRequestMessage(2.0, 493be3f2-9564-42c1-a118-3a26f3edc509, sbt/terminalCapabilities, {"string":"key_right"}})[0m
[0m[[0m[0mdebug[0m] [0m[0mjsonRpcRequest: JsonRpcRequestMessage(2.0, ea25b363-f9bb-4dd7-888d-133cc3f1fb89, sbt/terminalCapabilities, {"string":"key_home"}})[0m
[0m[[0m[0mdebug[0m] [0m[0mjsonRpcRequest: JsonRpcRequestMessage(2.0, 3bb8496f-85c3-436c-83dd-421e50c4e380, sbt/terminalCapabilities, {"string":"key_end"}})[0m
[0m[[0m[0mdebug[0m] [0m[0mjsonRpcRequest: JsonRpcRequestMessage(2.0, aec85ba8-c43c-4904-8263-07264a3788f2, sbt/terminalCapabilities, {"string":"key_dc"}})[0m
[0m[[0m[0mdebug[0m] [0m[0mjsonRpcRequest: JsonRpcRequestMessage(2.0, e28edd6f-09af-48da-8dcc-9905e4cf7795, sbt/terminalCapabilities, {"string":"key_dl"}})[0m
[0m[[0m[0mdebug[0m] [0m[0mjsonRpcRequest: JsonRpcRequestMessage(2.0, 2461dbcb-d212-4fe3-a481-1e621dc63414, sbt/terminalCapabilities, {"string":"key_ic"}})[0m
[0m[[0m[0mdebug[0m] [0m[0mjsonRpcRequest: JsonRpcRequestMessage(2.0, bcff1a18-608a-4b19-aaf7-92214ceda740, sbt/terminalCapabilities, {"string":"key_mouse"}})[0m
[0m[[0m[0mdebug[0m] [0m[0mjsonRpcRequest: JsonRpcRequestMessage(2.0, 1f62ceba-fbaa-4b09-9521-da5b9b19bdf7, sbt/terminalCapabilities, {"string":"key_up"}})[0m
[0m[[0m[0mdebug[0m] [0m[0mjsonRpcRequest: JsonRpcRequestMessage(2.0, 438693e2-261e-4ae7-a00a-93dd7db71ba6, sbt/terminalCapabilities, {"string":"key_down"}})[0m
[0m[[0m[0mdebug[0m] [0m[0mjsonRpcRequest: JsonRpcRequestMessage(2.0, 633c69e2-6a48-4987-b760-5bb9714c61a7, sbt/terminalCapabilities, {"string":"key_up"}})[0m
[0m[[0m[0mdebug[0m] [0m[0mjsonRpcRequest: JsonRpcRequestMessage(2.0, af185fe0-3570-4dcd-b62a-d009a3132728, sbt/terminalCapabilities, {"string":"key_down"}})[0m
[0m[[0m[0mdebug[0m] [0m[0mjsonRpcRequest: JsonRpcRequestMessage(2.0, 9b9788f1-dedc-4b60-b68f-26c8ae2df12a, sbt/getTerminalAttributes, {}})[0m
[0m[[0m[0mdebug[0m] [0m[0mjsonRpcRequest: JsonRpcRequestMessage(2.0, 53bca02a-49cc-400e-9fca-549b2eca1abe, sbt/terminalCapabilities, {"string":"enter_alt_charset_mode"}})[0m
[0m[[0m[0mdebug[0m] [0m[0mjsonRpcRequest: JsonRpcRequestMessage(2.0, 2577dd44-e74b-4943-b84c-2285bc6fff1d, sbt/terminalCapabilities, {"string":"exit_alt_charset_mode"}})[0m
[0m[[0m[0mdebug[0m] [0m[0mjsonRpcRequest: JsonRpcRequestMessage(2.0, 4538a20c-8f93-4c94-8ae8-3a8a94b47814, sbt/terminalCapabilities, {"string":"insert_line"}})[0m
[0m[[0m[0mdebug[0m] [0m[0mjsonRpcRequest: JsonRpcRequestMessage(2.0, 64f4abc9-1383-46ed-935b-c84c857038bd, sbt/terminalCapabilities, {"string":"delete_line"}})[0m
[0m[[0m[0mdebug[0m] [0m[0mjsonRpcRequest: JsonRpcRequestMessage(2.0, 9b3370cc-1998-4790-9617-64e43439cff4, sbt/terminalCapabilities, {"boolean":"auto_right_margin"}})[0m
[0m[[0m[0mdebug[0m] [0m[0mjsonRpcRequest: JsonRpcRequestMessage(2.0, 758e44df-527d-4c5d-8ffd-5b046051f1dd, sbt/terminalCapabilities, {"boolean":"eat_newline_glitch"}})[0m
[0m[[0m[0mdebug[0m] [0m[0mjsonRpcRequest: JsonRpcRequestMessage(2.0, 339fec91-5929-431b-857e-92b16f490523, sbt/terminalCapabilities, {"string":"cursor_down"}})[0m
[0m[[0m[0mdebug[0m] [0m[0mjsonRpcRequest: JsonRpcRequestMessage(2.0, 26f151ee-96f5-46e1-80ed-ee2126320631, sbt/terminalSetRawMode, {"toggle":true}})[0m
[0m[[0m[0mdebug[0m] [0m[0mjsonRpcRequest: JsonRpcRequestMessage(2.0, 8aed0e91-b22e-4692-a7d6-8f6937982435, sbt/getTerminalAttributes, {}})[0m
[0m[[0m[0mdebug[0m] [0m[0mjsonRpcRequest: JsonRpcRequestMessage(2.0, 948d9383-3a9f-4579-9544-d7366635b8e0, sbt/terminalCapabilities, {"string":"insert_line"}})[0m
[0m[[0m[0mdebug[0m] [0m[0mjsonRpcRequest: JsonRpcRequestMessage(2.0, b8a72446-a9b4-462a-9ff0-7dc786f23392, sbt/terminalCapabilities, {"string":"delete_line"}})[0m
[0m[[0m[0mdebug[0m] [0m[0mjsonRpcRequest: JsonRpcRequestMessage(2.0, 2a9dad0f-e849-458c-a421-1a96bf57d911, sbt/terminalCapabilities, {"boolean":"auto_right_margin"}})[0m
[0m[[0m[0mdebug[0m] [0m[0mjsonRpcRequest: JsonRpcRequestMessage(2.0, 2387072e-158d-429e-ad3c-cbe515da02f7, sbt/terminalCapabilities, {"boolean":"eat_newline_glitch"}})[0m
[0m[[0m[0mdebug[0m] [0m[0mjsonRpcRequest: JsonRpcRequestMessage(2.0, 6a0ad062-6938-4226-b740-86850e1dc4f2, sbt/terminalCapabilities, {"string":"cursor_down"}})[0m
[0m[[0m[0mdebug[0m] [0m[0mjsonRpcRequest: JsonRpcRequestMessage(2.0, 05304665-edb2-47e5-9fdd-3330a0e628cd, sbt/terminalCapabilities, {"string":"keypad_xmit"}})[0m
[0m[[0m[0mdebug[0m] [0m[0mjsonRpcRequest: JsonRpcRequestMessage(2.0, 8844a2c9-7f6d-4d5b-8bd6-b7c252bf2bd3, sbt/terminalCapabilities, {"numeric":"max_colors"}})[0m
[0m[[0m[0mdebug[0m] [0m[0mjsonRpcRequest: JsonRpcRequestMessage(2.0, 477bf8ae-5ce4-472b-883a-dfc0f123e17b, sbt/terminalCapabilities, {"numeric":"max_colors"}})[0m
[0m[[0m[0mdebug[0m] [0m[0mjsonRpcRequest: JsonRpcRequestMessage(2.0, 36e18e3c-b5c2-4a16-9a7d-9135e27b834a, sbt/terminalCapabilities, {"string":"enter_alt_charset_mode"}})[0m
[0m[[0m[0mdebug[0m] [0m[0mjsonRpcRequest: JsonRpcRequestMessage(2.0, d66114c4-ab73-40c6-a762-921a041e5f29, sbt/terminalCapabilities, {"string":"exit_alt_charset_mode"}})[0m
[0m[[0m[0mdebug[0m] [0m[0mjsonRpcNotify: JsonRpcNotificationMessage(2.0, sbt/readSystemIn, "")[0m
